{"/home/travis/build/npmtest/node-npmtest-player/test.js":{"path":"/home/travis/build/npmtest/node-npmtest-player/test.js","s":{"1":2,"2":2,"3":2,"4":2,"5":2,"6":2,"7":2,"8":1,"9":2,"10":2,"11":1,"12":1,"13":1,"14":1,"15":2,"16":2,"17":2,"18":2,"19":1,"20":1,"21":2,"22":2,"23":2,"24":1,"25":1,"26":1,"27":1,"28":1,"29":1,"30":1,"31":1,"32":1,"33":1,"34":1,"35":1,"36":1,"37":1,"38":1,"39":2,"40":2,"41":1,"42":2,"43":2,"44":1,"45":2,"46":2,"47":1,"48":2,"49":2,"50":1,"51":1,"52":1,"53":1,"54":1},"b":{"1":[2,1,1,1],"2":[1,1,1,1],"3":[1,1],"4":[1,1],"5":[1,1],"6":[1,1],"7":[1,1],"8":[1,1],"9":[1,1],"10":[1,1,1],"11":[1,1],"12":[1,1],"13":[1,1],"14":[1,1],"15":[1,1],"16":[1,1],"17":[1,1]},"f":{"1":2,"2":2,"3":2,"4":2,"5":2,"6":1,"7":1,"8":1,"9":2,"10":2,"11":2,"12":2,"13":1},"fnMap":{"1":{"name":"(anonymous_1)","line":12,"loc":{"start":{"line":12,"column":1},"end":{"line":12,"column":13}}},"2":{"name":"(anonymous_2)","line":19,"loc":{"start":{"line":19,"column":5},"end":{"line":19,"column":17}}},"3":{"name":"(anonymous_3)","line":23,"loc":{"start":{"line":23,"column":24},"end":{"line":23,"column":36}}},"4":{"name":"(anonymous_4)","line":61,"loc":{"start":{"line":61,"column":5},"end":{"line":61,"column":17}}},"5":{"name":"(anonymous_5)","line":82,"loc":{"start":{"line":82,"column":5},"end":{"line":82,"column":17}}},"6":{"name":"(anonymous_6)","line":91,"loc":{"start":{"line":91,"column":77},"end":{"line":94,"column":10}}},"7":{"name":"(anonymous_7)","line":112,"loc":{"start":{"line":112,"column":83},"end":{"line":115,"column":10}},"skip":true},"8":{"name":"(anonymous_8)","line":123,"loc":{"start":{"line":123,"column":77},"end":{"line":126,"column":10}},"skip":true},"9":{"name":"(anonymous_9)","line":139,"loc":{"start":{"line":139,"column":12},"end":{"line":139,"column":40}},"skip":true},"10":{"name":"(anonymous_10)","line":147,"loc":{"start":{"line":147,"column":77},"end":{"line":150,"column":10}},"skip":true},"11":{"name":"(anonymous_11)","line":158,"loc":{"start":{"line":158,"column":83},"end":{"line":161,"column":10}},"skip":true},"12":{"name":"(anonymous_12)","line":169,"loc":{"start":{"line":169,"column":79},"end":{"line":172,"column":10}},"skip":true},"13":{"name":"(anonymous_13)","line":180,"loc":{"start":{"line":180,"column":75},"end":{"line":183,"column":10}},"skip":true}},"statementMap":{"1":{"start":{"line":12,"column":0},"end":{"line":195,"column":5}},"2":{"start":{"line":14,"column":4},"end":{"line":14,"column":14}},"3":{"start":{"line":19,"column":4},"end":{"line":56,"column":9}},"4":{"start":{"line":21,"column":8},"end":{"line":21,"column":19}},"5":{"start":{"line":23,"column":8},"end":{"line":35,"column":13}},"6":{"start":{"line":24,"column":12},"end":{"line":34,"column":13}},"7":{"start":{"line":25,"column":16},"end":{"line":28,"column":30}},"8":{"start":{"line":30,"column":16},"end":{"line":33,"column":27}},"9":{"start":{"line":37,"column":8},"end":{"line":39,"column":21}},"10":{"start":{"line":40,"column":8},"end":{"line":53,"column":9}},"11":{"start":{"line":43,"column":12},"end":{"line":46,"column":14}},"12":{"start":{"line":47,"column":12},"end":{"line":47,"column":18}},"13":{"start":{"line":50,"column":12},"end":{"line":51,"column":33}},"14":{"start":{"line":52,"column":12},"end":{"line":52,"column":18}},"15":{"start":{"line":55,"column":8},"end":{"line":55,"column":35}},"16":{"start":{"line":61,"column":4},"end":{"line":63,"column":9}},"17":{"start":{"line":62,"column":8},"end":{"line":62,"column":15}},"18":{"start":{"line":64,"column":4},"end":{"line":77,"column":5}},"19":{"start":{"line":70,"column":8},"end":{"line":70,"column":14}},"20":{"start":{"line":76,"column":8},"end":{"line":76,"column":14}},"21":{"start":{"line":82,"column":4},"end":{"line":84,"column":9}},"22":{"start":{"line":83,"column":8},"end":{"line":83,"column":15}},"23":{"start":{"line":85,"column":4},"end":{"line":194,"column":5}},"24":{"start":{"line":91,"column":8},"end":{"line":99,"column":10}},"25":{"start":{"line":98,"column":12},"end":{"line":98,"column":35}},"26":{"start":{"line":102,"column":8},"end":{"line":104,"column":63}},"27":{"start":{"line":105,"column":8},"end":{"line":105,"column":14}},"28":{"start":{"line":112,"column":8},"end":{"line":121,"column":10},"skip":true},"29":{"start":{"line":119,"column":12},"end":{"line":119,"column":55},"skip":true},"30":{"start":{"line":120,"column":12},"end":{"line":120,"column":48},"skip":true},"31":{"start":{"line":123,"column":8},"end":{"line":136,"column":10},"skip":true},"32":{"start":{"line":130,"column":12},"end":{"line":130,"column":76},"skip":true},"33":{"start":{"line":131,"column":12},"end":{"line":131,"column":73},"skip":true},"34":{"start":{"line":132,"column":12},"end":{"line":132,"column":74},"skip":true},"35":{"start":{"line":133,"column":12},"end":{"line":133,"column":79},"skip":true},"36":{"start":{"line":134,"column":12},"end":{"line":134,"column":25},"skip":true},"37":{"start":{"line":135,"column":12},"end":{"line":135,"column":45},"skip":true},"38":{"start":{"line":138,"column":8},"end":{"line":145,"column":14},"skip":true},"39":{"start":{"line":143,"column":16},"end":{"line":143,"column":29},"skip":true},"40":{"start":{"line":144,"column":16},"end":{"line":144,"column":55},"skip":true},"41":{"start":{"line":147,"column":8},"end":{"line":156,"column":10},"skip":true},"42":{"start":{"line":154,"column":12},"end":{"line":154,"column":25},"skip":true},"43":{"start":{"line":155,"column":12},"end":{"line":155,"column":45},"skip":true},"44":{"start":{"line":158,"column":8},"end":{"line":167,"column":10},"skip":true},"45":{"start":{"line":165,"column":12},"end":{"line":165,"column":25},"skip":true},"46":{"start":{"line":166,"column":12},"end":{"line":166,"column":48},"skip":true},"47":{"start":{"line":169,"column":8},"end":{"line":178,"column":10},"skip":true},"48":{"start":{"line":176,"column":12},"end":{"line":176,"column":25},"skip":true},"49":{"start":{"line":177,"column":12},"end":{"line":177,"column":46},"skip":true},"50":{"start":{"line":180,"column":8},"end":{"line":189,"column":10},"skip":true},"51":{"start":{"line":187,"column":12},"end":{"line":187,"column":94},"skip":true},"52":{"start":{"line":188,"column":12},"end":{"line":188,"column":48},"skip":true},"53":{"start":{"line":192,"column":8},"end":{"line":192,"column":35},"skip":true},"54":{"start":{"line":193,"column":8},"end":{"line":193,"column":14},"skip":true}},"branchMap":{"1":{"line":25,"type":"binary-expr","locations":[{"start":{"line":25,"column":23},"end":{"line":25,"column":62}},{"start":{"line":26,"column":20},"end":{"line":26,"column":70}},{"start":{"line":27,"column":20},"end":{"line":27,"column":71}},{"start":{"line":28,"column":20},"end":{"line":28,"column":29}}]},"2":{"line":30,"type":"binary-expr","locations":[{"start":{"line":30,"column":23},"end":{"line":30,"column":37}},{"start":{"line":31,"column":20},"end":{"line":31,"column":61}},{"start":{"line":32,"column":20},"end":{"line":32,"column":70}},{"start":{"line":33,"column":20},"end":{"line":33,"column":26}}]},"3":{"line":37,"type":"cond-expr","locations":[{"start":{"line":38,"column":14},"end":{"line":38,"column":20}},{"start":{"line":39,"column":14},"end":{"line":39,"column":20}}]},"4":{"line":40,"type":"switch","locations":[{"start":{"line":42,"column":8},"end":{"line":47,"column":18}},{"start":{"line":49,"column":8},"end":{"line":52,"column":18}}]},"5":{"line":44,"type":"binary-expr","locations":[{"start":{"line":44,"column":16},"end":{"line":44,"column":44}},{"start":{"line":44,"column":48},"end":{"line":44,"column":66}}]},"6":{"line":50,"type":"binary-expr","locations":[{"start":{"line":50,"column":21},"end":{"line":50,"column":49}},{"start":{"line":50,"column":53},"end":{"line":50,"column":72}}]},"7":{"line":64,"type":"switch","locations":[{"start":{"line":69,"column":4},"end":{"line":70,"column":14}},{"start":{"line":75,"column":4},"end":{"line":76,"column":14}}]},"8":{"line":85,"type":"switch","locations":[{"start":{"line":90,"column":4},"end":{"line":105,"column":14}},{"start":{"line":111,"column":4},"end":{"line":193,"column":14},"skip":true}]},"9":{"line":91,"type":"binary-expr","locations":[{"start":{"line":91,"column":42},"end":{"line":91,"column":73}},{"start":{"line":91,"column":77},"end":{"line":99,"column":9}}]},"10":{"line":102,"type":"binary-expr","locations":[{"start":{"line":102,"column":18},"end":{"line":102,"column":32}},{"start":{"line":103,"column":12},"end":{"line":103,"column":53}},{"start":{"line":104,"column":12},"end":{"line":104,"column":61}}]},"11":{"line":112,"type":"binary-expr","locations":[{"start":{"line":112,"column":45},"end":{"line":112,"column":79},"skip":true},{"start":{"line":112,"column":83},"end":{"line":121,"column":9},"skip":true}]},"12":{"line":123,"type":"binary-expr","locations":[{"start":{"line":123,"column":42},"end":{"line":123,"column":73},"skip":true},{"start":{"line":123,"column":77},"end":{"line":136,"column":9},"skip":true}]},"13":{"line":138,"type":"binary-expr","locations":[{"start":{"line":138,"column":48},"end":{"line":138,"column":85},"skip":true},{"start":{"line":139,"column":12},"end":{"line":145,"column":13},"skip":true}]},"14":{"line":147,"type":"binary-expr","locations":[{"start":{"line":147,"column":42},"end":{"line":147,"column":73},"skip":true},{"start":{"line":147,"column":77},"end":{"line":156,"column":9},"skip":true}]},"15":{"line":158,"type":"binary-expr","locations":[{"start":{"line":158,"column":45},"end":{"line":158,"column":79},"skip":true},{"start":{"line":158,"column":83},"end":{"line":167,"column":9},"skip":true}]},"16":{"line":169,"type":"binary-expr","locations":[{"start":{"line":169,"column":43},"end":{"line":169,"column":75},"skip":true},{"start":{"line":169,"column":79},"end":{"line":178,"column":9},"skip":true}]},"17":{"line":180,"type":"binary-expr","locations":[{"start":{"line":180,"column":41},"end":{"line":180,"column":71},"skip":true},{"start":{"line":180,"column":75},"end":{"line":189,"column":9},"skip":true}]}},"code":["/* istanbul instrument in package npmtest_player */","/*jslint","    bitwise: true,","    browser: true,","    maxerr: 8,","    maxlen: 96,","    node: true,","    nomen: true,","    regexp: true,","    stupid: true","*/","(function () {","    'use strict';","    var local;","","","","    // run shared js-env code - pre-init","    (function () {","        // init local","        local = {};","        // init modeJs","        local.modeJs = (function () {","            try {","                return typeof navigator.userAgent === 'string' &&","                    typeof document.querySelector('body') === 'object' &&","                    typeof XMLHttpRequest.prototype.open === 'function' &&","                    'browser';","            } catch (errorCaughtBrowser) {","                return module.exports &&","                    typeof process.versions.node === 'string' &&","                    typeof require('http').createServer === 'function' &&","                    'node';","            }","        }());","        // init global","        local.global = local.modeJs === 'browser'","            ? window","            : global;","        switch (local.modeJs) {","        // re-init local from window.local","        case 'browser':","            local = local.global.utility2.objectSetDefault(","                local.global.utility2_rollup || local.global.local,","                local.global.utility2","            );","            break;","        // re-init local from example.js","        case 'node':","            local = (local.global.utility2_rollup || require('utility2'))","                .requireReadme();","            break;","        }","        // export local","        local.global.local = local;","    }());","","","","    // run shared js-env code - function","    (function () {","        return;","    }());","    switch (local.modeJs) {","","","","    // run browser js-env code - function","    case 'browser':","        break;","","","","    // run node js-env code - function","    case 'node':","        break;","    }","","","","    // run shared js-env code - post-init","    (function () {","        return;","    }());","    switch (local.modeJs) {","","","","    // run browser js-env code - post-init","    case 'browser':","        local.testCase_browser_nullCase = local.testCase_browser_nullCase || function (","            options,","            onError","        ) {","        /*","         * this function will test browsers's null-case handling-behavior-behavior","         */","            onError(null, options);","        };","","        // run tests","        local.nop(local.modeTest &&","            document.querySelector('#testRunButton1') &&","            document.querySelector('#testRunButton1').click());","        break;","","","","    // run node js-env code - post-init","    /* istanbul ignore next */","    case 'node':","        local.testCase_buildApidoc_default = local.testCase_buildApidoc_default || function (","            options,","            onError","        ) {","        /*","         * this function will test buildApidoc's default handling-behavior-behavior","         */","            options = { modulePathList: module.paths };","            local.buildApidoc(options, onError);","        };","","        local.testCase_buildApp_default = local.testCase_buildApp_default || function (","            options,","            onError","        ) {","        /*","         * this function will test buildApp's default handling-behavior-behavior","         */","            local.testCase_buildReadme_default(options, local.onErrorThrow);","            local.testCase_buildLib_default(options, local.onErrorThrow);","            local.testCase_buildTest_default(options, local.onErrorThrow);","            local.testCase_buildCustomOrg_default(options, local.onErrorThrow);","            options = [];","            local.buildApp(options, onError);","        };","","        local.testCase_buildCustomOrg_default = local.testCase_buildCustomOrg_default ||","            function (options, onError) {","            /*","             * this function will test buildCustomOrg's default handling-behavior","             */","                options = {};","                local.buildCustomOrg(options, onError);","            };","","        local.testCase_buildLib_default = local.testCase_buildLib_default || function (","            options,","            onError","        ) {","        /*","         * this function will test buildLib's default handling-behavior","         */","            options = {};","            local.buildLib(options, onError);","        };","","        local.testCase_buildReadme_default = local.testCase_buildReadme_default || function (","            options,","            onError","        ) {","        /*","         * this function will test buildReadme's default handling-behavior-behavior","         */","            options = {};","            local.buildReadme(options, onError);","        };","","        local.testCase_buildTest_default = local.testCase_buildTest_default || function (","            options,","            onError","        ) {","        /*","         * this function will test buildTest's default handling-behavior","         */","            options = {};","            local.buildTest(options, onError);","        };","","        local.testCase_webpage_default = local.testCase_webpage_default || function (","            options,","            onError","        ) {","        /*","         * this function will test webpage's default handling-behavior","         */","            options = { modeCoverageMerge: true, url: local.serverLocalHost + '?modeTest=1' };","            local.browserTest(options, onError);","        };","","        // run test-server","        local.testRunServer(local);","        break;","    }","}());",""],"l":{"12":2,"14":2,"19":2,"21":2,"23":2,"24":2,"25":2,"30":1,"37":2,"40":2,"43":1,"47":1,"50":1,"52":1,"55":2,"61":2,"62":2,"64":2,"70":1,"76":1,"82":2,"83":2,"85":2,"91":1,"98":1,"102":1,"105":1,"112":1,"119":1,"120":1,"123":1,"130":1,"131":1,"132":1,"133":1,"134":1,"135":1,"138":1,"143":2,"144":2,"147":1,"154":2,"155":2,"158":1,"165":2,"166":2,"169":1,"176":2,"177":2,"180":1,"187":1,"188":1,"192":1,"193":1}},"/home/travis/build/npmtest/node-npmtest-player/lib.npmtest_player.js":{"path":"/home/travis/build/npmtest/node-npmtest-player/lib.npmtest_player.js","s":{"1":2,"2":2,"3":2,"4":2,"5":2,"6":2,"7":2,"8":1,"9":2,"10":2,"11":2,"12":2,"13":1,"14":1,"15":1,"16":1},"b":{"1":[2,1,1,1],"2":[1,1,1,1],"3":[1,1],"4":[2,2],"5":[1,1]},"f":{"1":2,"2":2,"3":2},"fnMap":{"1":{"name":"(anonymous_1)","line":12,"loc":{"start":{"line":12,"column":1},"end":{"line":12,"column":13}}},"2":{"name":"(anonymous_2)","line":19,"loc":{"start":{"line":19,"column":5},"end":{"line":19,"column":17}}},"3":{"name":"(anonymous_3)","line":23,"loc":{"start":{"line":23,"column":24},"end":{"line":23,"column":36}}}},"statementMap":{"1":{"start":{"line":12,"column":0},"end":{"line":53,"column":5}},"2":{"start":{"line":14,"column":4},"end":{"line":14,"column":14}},"3":{"start":{"line":19,"column":4},"end":{"line":52,"column":9}},"4":{"start":{"line":21,"column":8},"end":{"line":21,"column":19}},"5":{"start":{"line":23,"column":8},"end":{"line":35,"column":13}},"6":{"start":{"line":24,"column":12},"end":{"line":34,"column":13}},"7":{"start":{"line":25,"column":16},"end":{"line":28,"column":30}},"8":{"start":{"line":30,"column":16},"end":{"line":33,"column":27}},"9":{"start":{"line":37,"column":8},"end":{"line":39,"column":21}},"10":{"start":{"line":41,"column":8},"end":{"line":41,"column":54}},"11":{"start":{"line":43,"column":8},"end":{"line":43,"column":51}},"12":{"start":{"line":45,"column":8},"end":{"line":51,"column":9}},"13":{"start":{"line":46,"column":12},"end":{"line":46,"column":57}},"14":{"start":{"line":48,"column":12},"end":{"line":48,"column":35}},"15":{"start":{"line":49,"column":12},"end":{"line":49,"column":49}},"16":{"start":{"line":50,"column":12},"end":{"line":50,"column":43}}},"branchMap":{"1":{"line":25,"type":"binary-expr","locations":[{"start":{"line":25,"column":23},"end":{"line":25,"column":62}},{"start":{"line":26,"column":20},"end":{"line":26,"column":70}},{"start":{"line":27,"column":20},"end":{"line":27,"column":71}},{"start":{"line":28,"column":20},"end":{"line":28,"column":29}}]},"2":{"line":30,"type":"binary-expr","locations":[{"start":{"line":30,"column":23},"end":{"line":30,"column":37}},{"start":{"line":31,"column":20},"end":{"line":31,"column":61}},{"start":{"line":32,"column":20},"end":{"line":32,"column":70}},{"start":{"line":33,"column":20},"end":{"line":33,"column":26}}]},"3":{"line":37,"type":"cond-expr","locations":[{"start":{"line":38,"column":14},"end":{"line":38,"column":20}},{"start":{"line":39,"column":14},"end":{"line":39,"column":20}}]},"4":{"line":41,"type":"binary-expr","locations":[{"start":{"line":41,"column":16},"end":{"line":41,"column":44}},{"start":{"line":41,"column":48},"end":{"line":41,"column":53}}]},"5":{"line":45,"type":"if","locations":[{"start":{"line":45,"column":8},"end":{"line":45,"column":8}},{"start":{"line":45,"column":8},"end":{"line":45,"column":8}}]}},"code":["/* istanbul instrument in package npmtest_player */","/*jslint","    bitwise: true,","    browser: true,","    maxerr: 8,","    maxlen: 96,","    node: true,","    nomen: true,","    regexp: true,","    stupid: true","*/","(function () {","    'use strict';","    var local;","","","","    // run shared js-env code - pre-init","    (function () {","        // init local","        local = {};","        // init modeJs","        local.modeJs = (function () {","            try {","                return typeof navigator.userAgent === 'string' &&","                    typeof document.querySelector('body') === 'object' &&","                    typeof XMLHttpRequest.prototype.open === 'function' &&","                    'browser';","            } catch (errorCaughtBrowser) {","                return module.exports &&","                    typeof process.versions.node === 'string' &&","                    typeof require('http').createServer === 'function' &&","                    'node';","            }","        }());","        // init global","        local.global = local.modeJs === 'browser'","            ? window","            : global;","        // init utility2_rollup","        local = local.global.utility2_rollup || local;","        // init lib","        local.local = local.npmtest_player = local;","        // init exports","        if (local.modeJs === 'browser') {","            local.global.utility2_npmtest_player = local;","        } else {","            module.exports = local;","            module.exports.__dirname = __dirname;","            module.exports.module = module;","        }","    }());","}());",""],"l":{"12":2,"14":2,"19":2,"21":2,"23":2,"24":2,"25":2,"30":1,"37":2,"41":2,"43":2,"45":2,"46":1,"48":1,"49":1,"50":1}},"/home/travis/build/npmtest/node-npmtest-player/example.js":{"path":"/home/travis/build/npmtest/node-npmtest-player/example.js","s":{"1":2,"2":2,"3":2,"4":2,"5":2,"6":2,"7":2,"8":1,"9":2,"10":2,"11":2,"12":2,"13":1,"14":2,"15":2,"16":2,"17":2,"18":2,"19":0,"20":2,"21":1,"22":1,"23":1,"24":1,"25":1,"26":0,"27":0,"28":1,"29":1,"30":2,"31":0,"32":0,"33":0,"34":1,"35":2,"36":2,"37":3,"38":3,"39":3,"40":3,"41":0,"42":3,"43":3,"44":3,"45":1,"46":3,"47":1,"48":1,"49":1,"50":1,"51":1,"52":1,"53":1,"54":1,"55":1,"56":1,"57":0,"58":1,"59":6,"60":6,"61":1,"62":2,"63":0,"64":2,"65":1,"66":1,"67":0,"68":0,"69":0,"70":0,"71":0,"72":0,"73":0,"74":0,"75":0,"76":0,"77":0,"78":0,"79":0,"80":0,"81":0,"82":0,"83":0},"b":{"1":[2,1,1,1],"2":[1,1,1,1],"3":[1,1],"4":[2,2],"5":[1,1],"6":[1,1],"7":[2,0],"8":[2,1,1,1,1,1],"9":[0,2,0],"10":[1,1],"11":[2,1,1],"12":[1,0],"13":[0,2],"14":[2,0,0,0,0,0,0],"15":[0,3],"16":[3,0],"17":[1,1],"18":[0,1],"19":[1,2,0,2],"20":[1,0],"21":[1,1],"22":[0,0],"23":[0,0],"24":[0,0],"25":[0,0],"26":[0,0],"27":[0,0],"28":[0,0]},"f":{"1":2,"2":2,"3":2,"4":2,"5":2,"6":2,"7":3,"8":3,"9":3,"10":1,"11":6,"12":0},"fnMap":{"1":{"name":"(anonymous_1)","line":26,"loc":{"start":{"line":26,"column":1},"end":{"line":26,"column":13}}},"2":{"name":"(anonymous_2)","line":33,"loc":{"start":{"line":33,"column":5},"end":{"line":33,"column":17}}},"3":{"name":"(anonymous_3)","line":37,"loc":{"start":{"line":37,"column":24},"end":{"line":37,"column":36}}},"4":{"name":"(anonymous_4)","line":69,"loc":{"start":{"line":69,"column":31},"end":{"line":69,"column":48}},"skip":true},"5":{"name":"(anonymous_5)","line":78,"loc":{"start":{"line":78,"column":26},"end":{"line":78,"column":45}},"skip":true},"6":{"name":"(anonymous_6)","line":123,"loc":{"start":{"line":123,"column":33},"end":{"line":123,"column":48}},"skip":true},"7":{"name":"(anonymous_7)","line":125,"loc":{"start":{"line":125,"column":27},"end":{"line":125,"column":39}},"skip":true},"8":{"name":"(anonymous_8)","line":133,"loc":{"start":{"line":133,"column":59},"end":{"line":133,"column":74}},"skip":true},"9":{"name":"(anonymous_9)","line":143,"loc":{"start":{"line":143,"column":45},"end":{"line":143,"column":62}},"skip":true},"10":{"name":"(anonymous_10)","line":144,"loc":{"start":{"line":144,"column":73},"end":{"line":144,"column":92}},"skip":true},"11":{"name":"(anonymous_11)","line":272,"loc":{"start":{"line":272,"column":51},"end":{"line":272,"column":77}},"skip":true},"12":{"name":"(anonymous_12)","line":315,"loc":{"start":{"line":315,"column":32},"end":{"line":315,"column":61}},"skip":true}},"statementMap":{"1":{"start":{"line":26,"column":0},"end":{"line":326,"column":5}},"2":{"start":{"line":28,"column":4},"end":{"line":28,"column":14}},"3":{"start":{"line":33,"column":4},"end":{"line":60,"column":9}},"4":{"start":{"line":35,"column":8},"end":{"line":35,"column":19}},"5":{"start":{"line":37,"column":8},"end":{"line":49,"column":13}},"6":{"start":{"line":38,"column":12},"end":{"line":48,"column":13}},"7":{"start":{"line":39,"column":16},"end":{"line":42,"column":30}},"8":{"start":{"line":44,"column":16},"end":{"line":47,"column":27}},"9":{"start":{"line":51,"column":8},"end":{"line":53,"column":21}},"10":{"start":{"line":55,"column":8},"end":{"line":57,"column":45}},"11":{"start":{"line":59,"column":8},"end":{"line":59,"column":35}},"12":{"start":{"line":61,"column":4},"end":{"line":325,"column":5}},"13":{"start":{"line":69,"column":8},"end":{"line":121,"column":10},"skip":true},"14":{"start":{"line":70,"column":12},"end":{"line":88,"column":13},"skip":true},"15":{"start":{"line":76,"column":16},"end":{"line":87,"column":19},"skip":true},"16":{"start":{"line":79,"column":20},"end":{"line":86,"column":21},"skip":true},"17":{"start":{"line":82,"column":24},"end":{"line":82,"column":43},"skip":true},"18":{"start":{"line":83,"column":24},"end":{"line":83,"column":30},"skip":true},"19":{"start":{"line":85,"column":24},"end":{"line":85,"column":49},"skip":true},"20":{"start":{"line":89,"column":12},"end":{"line":107,"column":13},"skip":true},"21":{"start":{"line":92,"column":16},"end":{"line":102,"column":17},"skip":true},"22":{"start":{"line":93,"column":20},"end":{"line":93,"column":86},"skip":true},"23":{"start":{"line":94,"column":20},"end":{"line":95,"column":45},"skip":true},"24":{"start":{"line":96,"column":20},"end":{"line":96,"column":42},"skip":true},"25":{"start":{"line":97,"column":20},"end":{"line":97,"column":48},"skip":true},"26":{"start":{"line":100,"column":20},"end":{"line":100,"column":85},"skip":true},"27":{"start":{"line":101,"column":20},"end":{"line":101,"column":96},"skip":true},"28":{"start":{"line":103,"column":16},"end":{"line":103,"column":22},"skip":true},"29":{"start":{"line":106,"column":16},"end":{"line":106,"column":22},"skip":true},"30":{"start":{"line":108,"column":12},"end":{"line":120,"column":13},"skip":true},"31":{"start":{"line":114,"column":16},"end":{"line":119,"column":17},"skip":true},"32":{"start":{"line":116,"column":20},"end":{"line":116,"column":78},"skip":true},"33":{"start":{"line":118,"column":20},"end":{"line":118,"column":47},"skip":true},"34":{"start":{"line":123,"column":8},"end":{"line":141,"column":11},"skip":true},"35":{"start":{"line":124,"column":12},"end":{"line":124,"column":54},"skip":true},"36":{"start":{"line":125,"column":12},"end":{"line":140,"column":14},"skip":true},"37":{"start":{"line":126,"column":16},"end":{"line":126,"column":28},"skip":true},"38":{"start":{"line":127,"column":16},"end":{"line":127,"column":69},"skip":true},"39":{"start":{"line":128,"column":16},"end":{"line":128,"column":75},"skip":true},"40":{"start":{"line":129,"column":16},"end":{"line":131,"column":17},"skip":true},"41":{"start":{"line":130,"column":20},"end":{"line":130,"column":27},"skip":true},"42":{"start":{"line":133,"column":16},"end":{"line":137,"column":36},"skip":true},"43":{"start":{"line":134,"column":20},"end":{"line":136,"column":55},"skip":true},"44":{"start":{"line":139,"column":16},"end":{"line":139,"column":57},"skip":true},"45":{"start":{"line":143,"column":8},"end":{"line":147,"column":11},"skip":true},"46":{"start":{"line":144,"column":12},"end":{"line":146,"column":15},"skip":true},"47":{"start":{"line":145,"column":16},"end":{"line":145,"column":70},"skip":true},"48":{"start":{"line":149,"column":8},"end":{"line":149,"column":31},"skip":true},"49":{"start":{"line":150,"column":8},"end":{"line":150,"column":14},"skip":true},"50":{"start":{"line":158,"column":8},"end":{"line":158,"column":31},"skip":true},"51":{"start":{"line":160,"column":8},"end":{"line":160,"column":33},"skip":true},"52":{"start":{"line":161,"column":8},"end":{"line":161,"column":37},"skip":true},"53":{"start":{"line":162,"column":8},"end":{"line":162,"column":35},"skip":true},"54":{"start":{"line":164,"column":8},"end":{"line":164,"column":50},"skip":true},"55":{"start":{"line":166,"column":8},"end":{"line":256,"column":2},"skip":true},"56":{"start":{"line":258,"column":8},"end":{"line":286,"column":9},"skip":true},"57":{"start":{"line":259,"column":12},"end":{"line":269,"column":14},"skip":true},"58":{"start":{"line":271,"column":12},"end":{"line":285,"column":19},"skip":true},"59":{"start":{"line":274,"column":20},"end":{"line":274,"column":35},"skip":true},"60":{"start":{"line":275,"column":20},"end":{"line":284,"column":21},"skip":true},"61":{"start":{"line":277,"column":24},"end":{"line":277,"column":64},"skip":true},"62":{"start":{"line":279,"column":24},"end":{"line":279,"column":40},"skip":true},"63":{"start":{"line":281,"column":24},"end":{"line":281,"column":40},"skip":true},"64":{"start":{"line":283,"column":24},"end":{"line":283,"column":39},"skip":true},"65":{"start":{"line":288,"column":8},"end":{"line":290,"column":9},"skip":true},"66":{"start":{"line":289,"column":12},"end":{"line":289,"column":18},"skip":true},"67":{"start":{"line":291,"column":8},"end":{"line":293,"column":54},"skip":true},"68":{"start":{"line":296,"column":8},"end":{"line":301,"column":37},"skip":true},"69":{"start":{"line":303,"column":8},"end":{"line":303,"column":82},"skip":true},"70":{"start":{"line":306,"column":8},"end":{"line":308,"column":9},"skip":true},"71":{"start":{"line":307,"column":12},"end":{"line":307,"column":82},"skip":true},"72":{"start":{"line":310,"column":8},"end":{"line":312,"column":9},"skip":true},"73":{"start":{"line":311,"column":12},"end":{"line":311,"column":18},"skip":true},"74":{"start":{"line":313,"column":8},"end":{"line":313,"column":54},"skip":true},"75":{"start":{"line":314,"column":8},"end":{"line":314,"column":69},"skip":true},"76":{"start":{"line":315,"column":8},"end":{"line":323,"column":36},"skip":true},"77":{"start":{"line":316,"column":12},"end":{"line":316,"column":61},"skip":true},"78":{"start":{"line":317,"column":12},"end":{"line":320,"column":13},"skip":true},"79":{"start":{"line":318,"column":16},"end":{"line":318,"column":75},"skip":true},"80":{"start":{"line":319,"column":16},"end":{"line":319,"column":23},"skip":true},"81":{"start":{"line":321,"column":12},"end":{"line":321,"column":38},"skip":true},"82":{"start":{"line":322,"column":12},"end":{"line":322,"column":27},"skip":true},"83":{"start":{"line":324,"column":8},"end":{"line":324,"column":14},"skip":true}},"branchMap":{"1":{"line":39,"type":"binary-expr","locations":[{"start":{"line":39,"column":23},"end":{"line":39,"column":62}},{"start":{"line":40,"column":20},"end":{"line":40,"column":70}},{"start":{"line":41,"column":20},"end":{"line":41,"column":71}},{"start":{"line":42,"column":20},"end":{"line":42,"column":29}}]},"2":{"line":44,"type":"binary-expr","locations":[{"start":{"line":44,"column":23},"end":{"line":44,"column":37}},{"start":{"line":45,"column":20},"end":{"line":45,"column":61}},{"start":{"line":46,"column":20},"end":{"line":46,"column":70}},{"start":{"line":47,"column":20},"end":{"line":47,"column":26}}]},"3":{"line":51,"type":"cond-expr","locations":[{"start":{"line":52,"column":14},"end":{"line":52,"column":20}},{"start":{"line":53,"column":14},"end":{"line":53,"column":20}}]},"4":{"line":55,"type":"binary-expr","locations":[{"start":{"line":55,"column":16},"end":{"line":55,"column":44}},{"start":{"line":55,"column":49},"end":{"line":57,"column":43}}]},"5":{"line":55,"type":"cond-expr","locations":[{"start":{"line":56,"column":14},"end":{"line":56,"column":50}},{"start":{"line":57,"column":14},"end":{"line":57,"column":43}}]},"6":{"line":61,"type":"switch","locations":[{"start":{"line":68,"column":4},"end":{"line":150,"column":14},"skip":true},{"start":{"line":156,"column":4},"end":{"line":324,"column":14},"skip":true}]},"7":{"line":70,"type":"if","locations":[{"start":{"line":70,"column":12},"end":{"line":70,"column":12},"skip":true},{"start":{"line":70,"column":12},"end":{"line":70,"column":12},"skip":true}]},"8":{"line":70,"type":"binary-expr","locations":[{"start":{"line":70,"column":16},"end":{"line":70,"column":22},"skip":true},{"start":{"line":70,"column":27},"end":{"line":70,"column":32},"skip":true},{"start":{"line":71,"column":20},"end":{"line":71,"column":39},"skip":true},{"start":{"line":72,"column":20},"end":{"line":72,"column":49},"skip":true},{"start":{"line":73,"column":20},"end":{"line":73,"column":58},"skip":true},{"start":{"line":74,"column":20},"end":{"line":74,"column":69},"skip":true}]},"9":{"line":79,"type":"switch","locations":[{"start":{"line":80,"column":20},"end":{"line":80,"column":33},"skip":true},{"start":{"line":81,"column":20},"end":{"line":83,"column":30},"skip":true},{"start":{"line":84,"column":20},"end":{"line":85,"column":49},"skip":true}]},"10":{"line":89,"type":"switch","locations":[{"start":{"line":90,"column":12},"end":{"line":103,"column":22},"skip":true},{"start":{"line":105,"column":12},"end":{"line":106,"column":22},"skip":true}]},"11":{"line":89,"type":"binary-expr","locations":[{"start":{"line":89,"column":20},"end":{"line":89,"column":25},"skip":true},{"start":{"line":89,"column":29},"end":{"line":89,"column":48},"skip":true},{"start":{"line":89,"column":52},"end":{"line":89,"column":74},"skip":true}]},"12":{"line":92,"type":"if","locations":[{"start":{"line":92,"column":16},"end":{"line":92,"column":16},"skip":true},{"start":{"line":92,"column":16},"end":{"line":92,"column":16},"skip":true}]},"13":{"line":108,"type":"if","locations":[{"start":{"line":108,"column":12},"end":{"line":108,"column":12},"skip":true},{"start":{"line":108,"column":12},"end":{"line":108,"column":12},"skip":true}]},"14":{"line":108,"type":"binary-expr","locations":[{"start":{"line":108,"column":16},"end":{"line":108,"column":61},"skip":true},{"start":{"line":108,"column":66},"end":{"line":108,"column":72},"skip":true},{"start":{"line":108,"column":77},"end":{"line":108,"column":82},"skip":true},{"start":{"line":109,"column":20},"end":{"line":109,"column":39},"skip":true},{"start":{"line":110,"column":20},"end":{"line":110,"column":49},"skip":true},{"start":{"line":111,"column":20},"end":{"line":111,"column":58},"skip":true},{"start":{"line":112,"column":20},"end":{"line":112,"column":68},"skip":true}]},"15":{"line":129,"type":"if","locations":[{"start":{"line":129,"column":16},"end":{"line":129,"column":16},"skip":true},{"start":{"line":129,"column":16},"end":{"line":129,"column":16},"skip":true}]},"16":{"line":134,"type":"cond-expr","locations":[{"start":{"line":135,"column":26},"end":{"line":135,"column":29},"skip":true},{"start":{"line":136,"column":26},"end":{"line":136,"column":54},"skip":true}]},"17":{"line":164,"type":"binary-expr","locations":[{"start":{"line":164,"column":27},"end":{"line":164,"column":43},"skip":true},{"start":{"line":164,"column":47},"end":{"line":164,"column":49},"skip":true}]},"18":{"line":258,"type":"if","locations":[{"start":{"line":258,"column":8},"end":{"line":258,"column":8},"skip":true},{"start":{"line":258,"column":8},"end":{"line":258,"column":8},"skip":true}]},"19":{"line":275,"type":"switch","locations":[{"start":{"line":276,"column":20},"end":{"line":277,"column":64},"skip":true},{"start":{"line":278,"column":20},"end":{"line":279,"column":40},"skip":true},{"start":{"line":280,"column":20},"end":{"line":281,"column":40},"skip":true},{"start":{"line":282,"column":20},"end":{"line":283,"column":39},"skip":true}]},"20":{"line":288,"type":"if","locations":[{"start":{"line":288,"column":8},"end":{"line":288,"column":8},"skip":true},{"start":{"line":288,"column":8},"end":{"line":288,"column":8},"skip":true}]},"21":{"line":288,"type":"binary-expr","locations":[{"start":{"line":288,"column":12},"end":{"line":288,"column":40},"skip":true},{"start":{"line":288,"column":44},"end":{"line":288,"column":67},"skip":true}]},"22":{"line":292,"type":"binary-expr","locations":[{"start":{"line":292,"column":12},"end":{"line":292,"column":50},"skip":true},{"start":{"line":293,"column":12},"end":{"line":293,"column":53},"skip":true}]},"23":{"line":297,"type":"binary-expr","locations":[{"start":{"line":297,"column":12},"end":{"line":297,"column":64},"skip":true},{"start":{"line":298,"column":12},"end":{"line":301,"column":36},"skip":true}]},"24":{"line":303,"type":"binary-expr","locations":[{"start":{"line":303,"column":43},"end":{"line":303,"column":75},"skip":true},{"start":{"line":303,"column":79},"end":{"line":303,"column":81},"skip":true}]},"25":{"line":306,"type":"if","locations":[{"start":{"line":306,"column":8},"end":{"line":306,"column":8},"skip":true},{"start":{"line":306,"column":8},"end":{"line":306,"column":8},"skip":true}]},"26":{"line":310,"type":"if","locations":[{"start":{"line":310,"column":8},"end":{"line":310,"column":8},"skip":true},{"start":{"line":310,"column":8},"end":{"line":310,"column":8},"skip":true}]},"27":{"line":313,"type":"binary-expr","locations":[{"start":{"line":313,"column":27},"end":{"line":313,"column":43},"skip":true},{"start":{"line":313,"column":47},"end":{"line":313,"column":53},"skip":true}]},"28":{"line":317,"type":"if","locations":[{"start":{"line":317,"column":12},"end":{"line":317,"column":12},"skip":true},{"start":{"line":317,"column":12},"end":{"line":317,"column":12},"skip":true}]}},"code":["/*","example.js","","quickstart example","","instruction","    1. save this script as example.js","    2. run the shell command:","        $ npm install npmtest-player && PORT=8081 node example.js","    3. play with the browser-demo on http://127.0.0.1:8081","*/","","","","/* istanbul instrument in package npmtest_player */","/*jslint","    bitwise: true,","    browser: true,","    maxerr: 8,","    maxlen: 96,","    node: true,","    nomen: true,","    regexp: true,","    stupid: true","*/","(function () {","    'use strict';","    var local;","","","","    // run shared js-env code - pre-init","    (function () {","        // init local","        local = {};","        // init modeJs","        local.modeJs = (function () {","            try {","                return typeof navigator.userAgent === 'string' &&","                    typeof document.querySelector('body') === 'object' &&","                    typeof XMLHttpRequest.prototype.open === 'function' &&","                    'browser';","            } catch (errorCaughtBrowser) {","                return module.exports &&","                    typeof process.versions.node === 'string' &&","                    typeof require('http').createServer === 'function' &&","                    'node';","            }","        }());","        // init global","        local.global = local.modeJs === 'browser'","            ? window","            : global;","        // init utility2_rollup","        local = local.global.utility2_rollup || (local.modeJs === 'browser'","            ? local.global.utility2_npmtest_player","            : global.utility2_moduleExports);","        // export local","        local.global.local = local;","    }());","    switch (local.modeJs) {","","","","    // post-init","    // run browser js-env code - post-init","    /* istanbul ignore next */","    case 'browser':","        local.testRunBrowser = function (event) {","            if (!event || (event &&","                    event.currentTarget &&","                    event.currentTarget.className &&","                    event.currentTarget.className.includes &&","                    event.currentTarget.className.includes('onreset'))) {","                // reset output","                Array.from(","                    document.querySelectorAll('body > .resettable')","                ).forEach(function (element) {","                    switch (element.tagName) {","                    case 'INPUT':","                    case 'TEXTAREA':","                        element.value = '';","                        break;","                    default:","                        element.textContent = '';","                    }","                });","            }","            switch (event && event.currentTarget && event.currentTarget.id) {","            case 'testRunButton1':","                // show tests","                if (document.querySelector('#testReportDiv1').style.display === 'none') {","                    document.querySelector('#testReportDiv1').style.display = 'block';","                    document.querySelector('#testRunButton1').textContent =","                        'hide internal test';","                    local.modeTest = true;","                    local.testRunDefault(local);","                // hide tests","                } else {","                    document.querySelector('#testReportDiv1').style.display = 'none';","                    document.querySelector('#testRunButton1').textContent = 'run internal test';","                }","                break;","            // custom-case","            default:","                break;","            }","            if (document.querySelector('#inputTextareaEval1') && (!event || (event &&","                    event.currentTarget &&","                    event.currentTarget.className &&","                    event.currentTarget.className.includes &&","                    event.currentTarget.className.includes('oneval')))) {","                // try to eval input-code","                try {","                    /*jslint evil: true*/","                    eval(document.querySelector('#inputTextareaEval1').value);","                } catch (errorCaught) {","                    console.error(errorCaught);","                }","            }","        };","        // log stderr and stdout to #outputTextareaStdout1","        ['error', 'log'].forEach(function (key) {","            console[key + '_original'] = console[key];","            console[key] = function () {","                var element;","                console[key + '_original'].apply(console, arguments);","                element = document.querySelector('#outputTextareaStdout1');","                if (!element) {","                    return;","                }","                // append text to #outputTextareaStdout1","                element.value += Array.from(arguments).map(function (arg) {","                    return typeof arg === 'string'","                        ? arg","                        : JSON.stringify(arg, null, 4);","                }).join(' ') + '\\n';","                // scroll textarea to bottom","                element.scrollTop = element.scrollHeight;","            };","        });","        // init event-handling","        ['change', 'click', 'keyup'].forEach(function (event) {","            Array.from(document.querySelectorAll('.on' + event)).forEach(function (element) {","                element.addEventListener(event, local.testRunBrowser);","            });","        });","        // run tests","        local.testRunBrowser();","        break;","","","","    // run node js-env code - post-init","    /* istanbul ignore next */","    case 'node':","        // export local","        module.exports = local;","        // require modules","        local.fs = require('fs');","        local.http = require('http');","        local.url = require('url');","        // init assets","        local.assetsDict = local.assetsDict || {};","        /* jslint-ignore-begin */","        local.assetsDict['/assets.index.template.html'] = '\\","<!doctype html>\\n\\","<html lang=\"en\">\\n\\","<head>\\n\\","<meta charset=\"UTF-8\">\\n\\","<meta name=\"viewport\" content=\"width=device-width, initial-scale=1\">\\n\\","<title>{{env.npm_package_name}} (v{{env.npm_package_version}})</title>\\n\\","<style>\\n\\","/*csslint\\n\\","    box-sizing: false,\\n\\","    universal-selector: false\\n\\","*/\\n\\","* {\\n\\","    box-sizing: border-box;\\n\\","}\\n\\","body {\\n\\","    background: #dde;\\n\\","    font-family: Arial, Helvetica, sans-serif;\\n\\","    margin: 2rem;\\n\\","}\\n\\","body > * {\\n\\","    margin-bottom: 1rem;\\n\\","}\\n\\",".utility2FooterDiv {\\n\\","    margin-top: 20px;\\n\\","    text-align: center;\\n\\","}\\n\\","</style>\\n\\","<style>\\n\\","/*csslint\\n\\","*/\\n\\","textarea {\\n\\","    font-family: monospace;\\n\\","    height: 10rem;\\n\\","    width: 100%;\\n\\","}\\n\\","textarea[readonly] {\\n\\","    background: #ddd;\\n\\","}\\n\\","</style>\\n\\","</head>\\n\\","<body>\\n\\","<!-- utility2-comment\\n\\","<div id=\"ajaxProgressDiv1\" style=\"background: #d00; height: 2px; left: 0; margin: 0; padding: 0; position: fixed; top: 0; transition: background 0.5s, width 1.5s; width: 25%;\"></div>\\n\\","utility2-comment -->\\n\\","<h1>\\n\\","<!-- utility2-comment\\n\\","    <a\\n\\","        {{#if env.npm_package_homepage}}\\n\\","        href=\"{{env.npm_package_homepage}}\"\\n\\","        {{/if env.npm_package_homepage}}\\n\\","        target=\"_blank\"\\n\\","    >\\n\\","utility2-comment -->\\n\\","        {{env.npm_package_name}} (v{{env.npm_package_version}})\\n\\","<!-- utility2-comment\\n\\","    </a>\\n\\","utility2-comment -->\\n\\","</h1>\\n\\","<h3>{{env.npm_package_description}}</h3>\\n\\","<!-- utility2-comment\\n\\","<h4><a download href=\"assets.app.js\">download standalone app</a></h4>\\n\\","<button class=\"onclick onreset\" id=\"testRunButton1\">run internal test</button><br>\\n\\","<div id=\"testReportDiv1\" style=\"display: none;\"></div>\\n\\","utility2-comment -->\\n\\","\\n\\","\\n\\","\\n\\","<label>stderr and stdout</label>\\n\\","<textarea class=\"resettable\" id=\"outputTextareaStdout1\" readonly></textarea>\\n\\","<!-- utility2-comment\\n\\","{{#if isRollup}}\\n\\","<script src=\"assets.app.js\"></script>\\n\\","{{#unless isRollup}}\\n\\","utility2-comment -->\\n\\","<script src=\"assets.utility2.rollup.js\"></script>\\n\\","<script src=\"jsonp.utility2._stateInit?callback=window.utility2._stateInit\"></script>\\n\\","<script src=\"assets.npmtest_player.rollup.js\"></script>\\n\\","<script src=\"assets.example.js\"></script>\\n\\","<script src=\"assets.test.js\"></script>\\n\\","<!-- utility2-comment\\n\\","{{/if isRollup}}\\n\\","utility2-comment -->\\n\\","<div class=\"utility2FooterDiv\">\\n\\","    [ this app was created with\\n\\","    <a href=\"https://github.com/kaizhu256/node-utility2\" target=\"_blank\">utility2</a>\\n\\","    ]\\n\\","</div>\\n\\","</body>\\n\\","</html>\\n\\","';","        /* jslint-ignore-end */","        if (local.templateRender) {","            local.assetsDict['/'] = local.templateRender(","                local.assetsDict['/assets.index.template.html'],","                {","                    env: local.objectSetDefault(local.env, {","                        npm_package_description: 'the greatest app in the world!',","                        npm_package_name: 'my-app',","                        npm_package_nameAlias: 'my_app',","                        npm_package_version: '0.0.1'","                    })","                }","            );","        } else {","            local.assetsDict['/'] = local.assetsDict['/assets.index.template.html']","                .replace((/\\{\\{env\\.(\\w+?)\\}\\}/g), function (match0, match1) {","                    // jslint-hack","                    String(match0);","                    switch (match1) {","                    case 'npm_package_description':","                        return 'the greatest app in the world!';","                    case 'npm_package_name':","                        return 'my-app';","                    case 'npm_package_nameAlias':","                        return 'my_app';","                    case 'npm_package_version':","                        return '0.0.1';","                    }","                });","        }","        // run the cli","        if (local.global.utility2_rollup || module !== require.main) {","            break;","        }","        local.assetsDict['/assets.example.js'] =","            local.assetsDict['/assets.example.js'] ||","            local.fs.readFileSync(__filename, 'utf8');","        // bug-workaround - long $npm_package_buildCustomOrg","        /* jslint-ignore-begin */","        local.assetsDict['/assets.npmtest_player.rollup.js'] =","            local.assetsDict['/assets.npmtest_player.rollup.js'] ||","            local.fs.readFileSync(","                local.npmtest_player.__dirname + '/lib.npmtest_player.js',","                'utf8'","            ).replace((/^#!/), '//');","        /* jslint-ignore-end */","        local.assetsDict['/favicon.ico'] = local.assetsDict['/favicon.ico'] || '';","        // if $npm_config_timeout_exit exists,","        // then exit this process after $npm_config_timeout_exit ms","        if (Number(process.env.npm_config_timeout_exit)) {","            setTimeout(process.exit, Number(process.env.npm_config_timeout_exit));","        }","        // start server","        if (local.global.utility2_serverHttp1) {","            break;","        }","        process.env.PORT = process.env.PORT || '8081';","        console.error('server starting on port ' + process.env.PORT);","        local.http.createServer(function (request, response) {","            request.urlParsed = local.url.parse(request.url);","            if (local.assetsDict[request.urlParsed.pathname] !== undefined) {","                response.end(local.assetsDict[request.urlParsed.pathname]);","                return;","            }","            response.statusCode = 404;","            response.end();","        }).listen(process.env.PORT);","        break;","    }","}());",""],"l":{"26":2,"28":2,"33":2,"35":2,"37":2,"38":2,"39":2,"44":1,"51":2,"55":2,"59":2,"61":2,"69":1,"70":2,"76":2,"79":2,"82":2,"83":2,"85":1,"89":2,"92":1,"93":1,"94":1,"96":1,"97":1,"100":1,"101":1,"103":1,"106":1,"108":2,"114":1,"116":1,"118":1,"123":1,"124":2,"125":2,"126":3,"127":3,"128":3,"129":3,"130":1,"133":3,"134":3,"139":3,"143":1,"144":3,"145":1,"149":1,"150":1,"158":1,"160":1,"161":1,"162":1,"164":1,"166":1,"258":1,"259":1,"271":1,"274":6,"275":6,"277":1,"279":2,"281":1,"283":2,"288":1,"289":1,"291":1,"296":1,"303":1,"306":1,"307":1,"310":1,"311":1,"313":1,"314":1,"315":1,"316":1,"317":1,"318":1,"319":1,"321":1,"322":1,"324":1}},"/home/travis/build/npmtest/node-npmtest-player/node_modules/player/dist/player.js":{"path":"/home/travis/build/npmtest/node-npmtest-player/node_modules/player/dist/player.js","s":{"1":2,"2":2,"3":1,"4":0,"5":0,"6":0,"7":0,"8":0,"9":0,"10":0,"11":2,"12":0,"13":0,"14":0,"15":0,"16":0,"17":2,"18":0,"19":0,"20":0,"21":0,"22":0,"23":0,"24":0,"25":0,"26":0,"27":0,"28":0,"29":0,"30":0,"31":0,"32":0,"33":0,"34":0,"35":0,"36":0,"37":0,"38":0,"39":0,"40":1,"41":12,"42":1,"43":0,"44":0,"45":1,"46":0,"47":0,"48":0,"49":0,"50":0,"51":2,"52":2,"53":2,"54":2,"55":2,"56":2,"57":2,"58":2,"59":2,"60":2,"61":2,"62":2,"63":2,"64":2,"65":0,"66":0,"67":0,"68":0,"69":0,"70":0,"71":0,"72":0,"73":0,"74":1,"75":0,"76":0,"77":0,"78":0,"79":0,"80":0,"81":0,"82":0,"83":0,"84":0,"85":0,"86":0,"87":0,"88":0,"89":0,"90":0,"91":0,"92":0,"93":0,"94":0,"95":0,"96":0,"97":0,"98":0,"99":0,"100":0,"101":0,"102":0,"103":0,"104":0,"105":0,"106":0,"107":0,"108":0,"109":0,"110":0,"111":0,"112":0,"113":0,"114":0,"115":0,"116":0,"117":1,"118":0,"119":0,"120":0,"121":0,"122":0,"123":0,"124":0,"125":0,"126":0,"127":0,"128":0,"129":0,"130":0,"131":0,"132":0,"133":0,"134":0,"135":0,"136":0,"137":0,"138":0,"139":0,"140":0,"141":0,"142":0,"143":0,"144":0,"145":0,"146":0,"147":0,"148":0,"149":0,"150":0,"151":0,"152":0,"153":0,"154":0,"155":0,"156":0,"157":0,"158":0,"159":0,"160":0,"161":0,"162":0,"163":0,"164":0,"165":0,"166":0,"167":0,"168":0,"169":0,"170":0,"171":0,"172":0,"173":0,"174":0,"175":0,"176":0,"177":0,"178":1,"179":0,"180":0,"181":0,"182":0,"183":0,"184":0,"185":0,"186":0,"187":0,"188":0,"189":0,"190":0,"191":0,"192":0,"193":0,"194":0,"195":0,"196":0,"197":0,"198":1,"199":0,"200":0,"201":0,"202":0,"203":0,"204":0,"205":0,"206":0,"207":0,"208":0,"209":0,"210":0,"211":0,"212":0,"213":0,"214":0,"215":0,"216":0,"217":0,"218":0,"219":0,"220":0,"221":0,"222":0,"223":0,"224":0,"225":0,"226":0,"227":0},"b":{"1":[0,0],"2":[0,0],"3":[0,0],"4":[0,0],"5":[0,0],"6":[0,0],"7":[0,0],"8":[0,0],"9":[0,12],"10":[12,12],"11":[0,0],"12":[0,0],"13":[0,0],"14":[0,0],"15":[0,0],"16":[0,0,0],"17":[0,0],"18":[0,0],"19":[0,0],"20":[0,0],"21":[0,0],"22":[0,0],"23":[0,0],"24":[0,0],"25":[0,0],"26":[0,0],"27":[0,0],"28":[0,0],"29":[0,0],"30":[0,0],"31":[0,0],"32":[0,0],"33":[0,0],"34":[0,0],"35":[0,0],"36":[0,0],"37":[0,0],"38":[0,0],"39":[0,0],"40":[0,0],"41":[0,0],"42":[0,0],"43":[0,0],"44":[0,0],"45":[0,0]},"f":{"1":2,"2":0,"3":0,"4":0,"5":12,"6":0,"7":0,"8":0,"9":0,"10":0,"11":0,"12":0,"13":0,"14":0,"15":0,"16":0,"17":0,"18":0,"19":0,"20":0,"21":0,"22":0,"23":0,"24":0,"25":0,"26":0,"27":0,"28":0,"29":0,"30":0,"31":0,"32":0,"33":0,"34":0,"35":0},"fnMap":{"1":{"name":"(anonymous_1)","line":7,"loc":{"start":{"line":7,"column":20},"end":{"line":7,"column":32}}},"2":{"name":"defineProperties","line":7,"loc":{"start":{"line":7,"column":34},"end":{"line":7,"column":75}}},"3":{"name":"(anonymous_3)","line":7,"loc":{"start":{"line":7,"column":358},"end":{"line":7,"column":406}}},"4":{"name":"get","line":9,"loc":{"start":{"line":9,"column":11},"end":{"line":9,"column":39}}},"5":{"name":"_interopRequireDefault","line":13,"loc":{"start":{"line":13,"column":0},"end":{"line":13,"column":37}}},"6":{"name":"_classCallCheck","line":15,"loc":{"start":{"line":15,"column":0},"end":{"line":15,"column":48}}},"7":{"name":"_inherits","line":17,"loc":{"start":{"line":17,"column":0},"end":{"line":17,"column":41}}},"8":{"name":"(anonymous_8)","line":83,"loc":{"start":{"line":83,"column":14},"end":{"line":83,"column":39}}},"9":{"name":"Player","line":84,"loc":{"start":{"line":84,"column":2},"end":{"line":84,"column":33}}},"10":{"name":"enable","line":106,"loc":{"start":{"line":106,"column":11},"end":{"line":106,"column":30}}},"11":{"name":"disable","line":112,"loc":{"start":{"line":112,"column":11},"end":{"line":112,"column":31}}},"12":{"name":"(anonymous_12)","line":124,"loc":{"start":{"line":124,"column":9},"end":{"line":124,"column":21}}},"13":{"name":"(anonymous_13)","line":129,"loc":{"start":{"line":129,"column":28},"end":{"line":129,"column":42}}},"14":{"name":"(anonymous_14)","line":137,"loc":{"start":{"line":137,"column":9},"end":{"line":137,"column":21}}},"15":{"name":"play","line":149,"loc":{"start":{"line":149,"column":11},"end":{"line":149,"column":27}}},"16":{"name":"(anonymous_16)","line":162,"loc":{"start":{"line":162,"column":40},"end":{"line":162,"column":61}}},"17":{"name":"(anonymous_17)","line":165,"loc":{"start":{"line":165,"column":26},"end":{"line":165,"column":47}}},"18":{"name":"(anonymous_18)","line":171,"loc":{"start":{"line":171,"column":78},"end":{"line":171,"column":90}}},"19":{"name":"onPlaying","line":175,"loc":{"start":{"line":175,"column":8},"end":{"line":175,"column":30}}},"20":{"name":"(anonymous_20)","line":190,"loc":{"start":{"line":190,"column":43},"end":{"line":190,"column":55}}},"21":{"name":"setVolume","line":205,"loc":{"start":{"line":205,"column":11},"end":{"line":205,"column":38}}},"22":{"name":"read","line":218,"loc":{"start":{"line":218,"column":11},"end":{"line":218,"column":40}}},"23":{"name":"pause","line":237,"loc":{"start":{"line":237,"column":11},"end":{"line":237,"column":28}}},"24":{"name":"stop","line":258,"loc":{"start":{"line":258,"column":11},"end":{"line":258,"column":27}}},"25":{"name":"next","line":275,"loc":{"start":{"line":275,"column":11},"end":{"line":275,"column":27}}},"26":{"name":"add","line":299,"loc":{"start":{"line":299,"column":11},"end":{"line":299,"column":30}}},"27":{"name":"download","line":319,"loc":{"start":{"line":319,"column":11},"end":{"line":319,"column":44}}},"28":{"name":"responseHandler","line":337,"loc":{"start":{"line":337,"column":6},"end":{"line":337,"column":36}}},"29":{"name":"errorHandler","line":367,"loc":{"start":{"line":367,"column":6},"end":{"line":367,"column":33}}},"30":{"name":"meta","line":375,"loc":{"start":{"line":375,"column":11},"end":{"line":375,"column":43}}},"31":{"name":"(anonymous_31)","line":388,"loc":{"start":{"line":388,"column":25},"end":{"line":388,"column":40}}},"32":{"name":"progress","line":399,"loc":{"start":{"line":399,"column":11},"end":{"line":399,"column":39}}},"33":{"name":"(anonymous_33)","line":407,"loc":{"start":{"line":407,"column":32},"end":{"line":407,"column":52}}},"34":{"name":"(anonymous_34)","line":418,"loc":{"start":{"line":418,"column":9},"end":{"line":418,"column":21}}},"35":{"name":"(anonymous_35)","line":420,"loc":{"start":{"line":420,"column":9},"end":{"line":420,"column":25}}}},"statementMap":{"1":{"start":{"line":3,"column":0},"end":{"line":5,"column":3}},"2":{"start":{"line":7,"column":0},"end":{"line":7,"column":566}},"3":{"start":{"line":7,"column":34},"end":{"line":7,"column":350}},"4":{"start":{"line":7,"column":77},"end":{"line":7,"column":348}},"5":{"start":{"line":7,"column":118},"end":{"line":7,"column":144}},"6":{"start":{"line":7,"column":145},"end":{"line":7,"column":200}},"7":{"start":{"line":7,"column":201},"end":{"line":7,"column":232}},"8":{"start":{"line":7,"column":233},"end":{"line":7,"column":287}},"9":{"start":{"line":7,"column":260},"end":{"line":7,"column":287}},"10":{"start":{"line":7,"column":288},"end":{"line":7,"column":346}},"11":{"start":{"line":7,"column":351},"end":{"line":7,"column":560}},"12":{"start":{"line":7,"column":408},"end":{"line":7,"column":476}},"13":{"start":{"line":7,"column":424},"end":{"line":7,"column":476}},"14":{"start":{"line":7,"column":477},"end":{"line":7,"column":537}},"15":{"start":{"line":7,"column":494},"end":{"line":7,"column":537}},"16":{"start":{"line":7,"column":538},"end":{"line":7,"column":557}},"17":{"start":{"line":9,"column":0},"end":{"line":11,"column":450}},"18":{"start":{"line":9,"column":41},"end":{"line":9,"column":59}},"19":{"start":{"line":9,"column":60},"end":{"line":11,"column":447}},"20":{"start":{"line":9,"column":71},"end":{"line":11,"column":447}},"21":{"start":{"line":9,"column":88},"end":{"line":9,"column":123}},"22":{"start":{"line":9,"column":124},"end":{"line":9,"column":139}},"23":{"start":{"line":9,"column":140},"end":{"line":11,"column":19}},"24":{"start":{"line":11,"column":20},"end":{"line":11,"column":81}},"25":{"start":{"line":11,"column":82},"end":{"line":11,"column":445}},"26":{"start":{"line":11,"column":108},"end":{"line":11,"column":151}},"27":{"start":{"line":11,"column":152},"end":{"line":11,"column":284}},"28":{"start":{"line":11,"column":175},"end":{"line":11,"column":192}},"29":{"start":{"line":11,"column":202},"end":{"line":11,"column":215}},"30":{"start":{"line":11,"column":216},"end":{"line":11,"column":231}},"31":{"start":{"line":11,"column":232},"end":{"line":11,"column":247}},"32":{"start":{"line":11,"column":248},"end":{"line":11,"column":262}},"33":{"start":{"line":11,"column":263},"end":{"line":11,"column":282}},"34":{"start":{"line":11,"column":292},"end":{"line":11,"column":445}},"35":{"start":{"line":11,"column":315},"end":{"line":11,"column":333}},"36":{"start":{"line":11,"column":343},"end":{"line":11,"column":365}},"37":{"start":{"line":11,"column":366},"end":{"line":11,"column":413}},"38":{"start":{"line":11,"column":394},"end":{"line":11,"column":411}},"39":{"start":{"line":11,"column":414},"end":{"line":11,"column":443}},"40":{"start":{"line":13,"column":0},"end":{"line":13,"column":97}},"41":{"start":{"line":13,"column":39},"end":{"line":13,"column":95}},"42":{"start":{"line":15,"column":0},"end":{"line":15,"column":153}},"43":{"start":{"line":15,"column":50},"end":{"line":15,"column":151}},"44":{"start":{"line":15,"column":92},"end":{"line":15,"column":149}},"45":{"start":{"line":17,"column":0},"end":{"line":17,"column":424}},"46":{"start":{"line":17,"column":43},"end":{"line":17,"column":208}},"47":{"start":{"line":17,"column":106},"end":{"line":17,"column":206}},"48":{"start":{"line":17,"column":209},"end":{"line":17,"column":373}},"49":{"start":{"line":17,"column":374},"end":{"line":17,"column":422}},"50":{"start":{"line":17,"column":390},"end":{"line":17,"column":422}},"51":{"start":{"line":27,"column":0},"end":{"line":27,"column":24}},"52":{"start":{"line":29,"column":0},"end":{"line":29,"column":39}},"53":{"start":{"line":31,"column":0},"end":{"line":31,"column":28}},"54":{"start":{"line":33,"column":0},"end":{"line":33,"column":43}},"55":{"start":{"line":35,"column":0},"end":{"line":35,"column":28}},"56":{"start":{"line":37,"column":0},"end":{"line":37,"column":43}},"57":{"start":{"line":39,"column":0},"end":{"line":39,"column":51}},"58":{"start":{"line":41,"column":0},"end":{"line":41,"column":28}},"59":{"start":{"line":43,"column":0},"end":{"line":43,"column":43}},"60":{"start":{"line":45,"column":0},"end":{"line":45,"column":28}},"61":{"start":{"line":47,"column":0},"end":{"line":47,"column":43}},"62":{"start":{"line":49,"column":0},"end":{"line":49,"column":40}},"63":{"start":{"line":51,"column":0},"end":{"line":51,"column":55}},"64":{"start":{"line":53,"column":0},"end":{"line":53,"column":34}},"65":{"start":{"line":55,"column":0},"end":{"line":55,"column":49}},"66":{"start":{"line":57,"column":0},"end":{"line":57,"column":42}},"67":{"start":{"line":59,"column":0},"end":{"line":59,"column":57}},"68":{"start":{"line":61,"column":0},"end":{"line":61,"column":39}},"69":{"start":{"line":63,"column":0},"end":{"line":63,"column":53}},"70":{"start":{"line":65,"column":0},"end":{"line":65,"column":32}},"71":{"start":{"line":67,"column":0},"end":{"line":67,"column":32}},"72":{"start":{"line":69,"column":0},"end":{"line":75,"column":75}},"73":{"start":{"line":83,"column":0},"end":{"line":429,"column":25}},"74":{"start":{"line":84,"column":2},"end":{"line":98,"column":3}},"75":{"start":{"line":85,"column":4},"end":{"line":85,"column":34}},"76":{"start":{"line":91,"column":4},"end":{"line":91,"column":82}},"77":{"start":{"line":93,"column":4},"end":{"line":93,"column":22}},"78":{"start":{"line":94,"column":4},"end":{"line":94,"column":24}},"79":{"start":{"line":95,"column":4},"end":{"line":95,"column":68}},"80":{"start":{"line":96,"column":4},"end":{"line":96,"column":62}},"81":{"start":{"line":97,"column":4},"end":{"line":97,"column":59}},"82":{"start":{"line":97,"column":43},"end":{"line":97,"column":59}},"83":{"start":{"line":100,"column":2},"end":{"line":100,"column":35}},"84":{"start":{"line":102,"column":2},"end":{"line":426,"column":6}},"85":{"start":{"line":107,"column":6},"end":{"line":107,"column":29}},"86":{"start":{"line":108,"column":6},"end":{"line":108,"column":18}},"87":{"start":{"line":113,"column":6},"end":{"line":113,"column":30}},"88":{"start":{"line":114,"column":6},"end":{"line":114,"column":18}},"89":{"start":{"line":125,"column":6},"end":{"line":125,"column":24}},"90":{"start":{"line":127,"column":6},"end":{"line":127,"column":30}},"91":{"start":{"line":127,"column":23},"end":{"line":127,"column":30}},"92":{"start":{"line":129,"column":6},"end":{"line":131,"column":9}},"93":{"start":{"line":130,"column":8},"end":{"line":130,"column":38}},"94":{"start":{"line":138,"column":6},"end":{"line":138,"column":44}},"95":{"start":{"line":138,"column":32},"end":{"line":138,"column":44}},"96":{"start":{"line":140,"column":6},"end":{"line":140,"column":63}},"97":{"start":{"line":150,"column":6},"end":{"line":150,"column":24}},"98":{"start":{"line":152,"column":6},"end":{"line":152,"column":64}},"99":{"start":{"line":154,"column":6},"end":{"line":154,"column":41}},"100":{"start":{"line":154,"column":34},"end":{"line":154,"column":41}},"101":{"start":{"line":155,"column":6},"end":{"line":155,"column":62}},"102":{"start":{"line":155,"column":52},"end":{"line":155,"column":62}},"103":{"start":{"line":156,"column":6},"end":{"line":156,"column":68}},"104":{"start":{"line":156,"column":38},"end":{"line":156,"column":68}},"105":{"start":{"line":158,"column":6},"end":{"line":158,"column":22}},"106":{"start":{"line":159,"column":6},"end":{"line":159,"column":35}},"107":{"start":{"line":161,"column":6},"end":{"line":161,"column":26}},"108":{"start":{"line":162,"column":6},"end":{"line":194,"column":9}},"109":{"start":{"line":163,"column":8},"end":{"line":163,"column":50}},"110":{"start":{"line":163,"column":17},"end":{"line":163,"column":50}},"111":{"start":{"line":165,"column":8},"end":{"line":167,"column":11}},"112":{"start":{"line":166,"column":10},"end":{"line":166,"column":37}},"113":{"start":{"line":166,"column":20},"end":{"line":166,"column":37}},"114":{"start":{"line":169,"column":8},"end":{"line":169,"column":60}},"115":{"start":{"line":171,"column":8},"end":{"line":173,"column":11}},"116":{"start":{"line":172,"column":10},"end":{"line":172,"column":31}},"117":{"start":{"line":175,"column":8},"end":{"line":193,"column":9}},"118":{"start":{"line":176,"column":10},"end":{"line":176,"column":30}},"119":{"start":{"line":177,"column":10},"end":{"line":177,"column":53}},"120":{"start":{"line":178,"column":10},"end":{"line":178,"column":66}},"121":{"start":{"line":180,"column":10},"end":{"line":182,"column":33}},"122":{"start":{"line":184,"column":10},"end":{"line":184,"column":37}},"123":{"start":{"line":185,"column":10},"end":{"line":185,"column":35}},"124":{"start":{"line":190,"column":10},"end":{"line":192,"column":13}},"125":{"start":{"line":191,"column":12},"end":{"line":191,"column":46}},"126":{"start":{"line":196,"column":6},"end":{"line":196,"column":18}},"127":{"start":{"line":206,"column":6},"end":{"line":206,"column":32}},"128":{"start":{"line":206,"column":25},"end":{"line":206,"column":32}},"129":{"start":{"line":208,"column":6},"end":{"line":208,"column":45}},"130":{"start":{"line":219,"column":6},"end":{"line":219,"column":77}},"131":{"start":{"line":222,"column":6},"end":{"line":222,"column":80}},"132":{"start":{"line":222,"column":19},"end":{"line":222,"column":80}},"133":{"start":{"line":224,"column":6},"end":{"line":224,"column":87}},"134":{"start":{"line":226,"column":6},"end":{"line":226,"column":106}},"135":{"start":{"line":226,"column":44},"end":{"line":226,"column":106}},"136":{"start":{"line":228,"column":6},"end":{"line":228,"column":35}},"137":{"start":{"line":238,"column":6},"end":{"line":245,"column":7}},"138":{"start":{"line":239,"column":8},"end":{"line":239,"column":60}},"139":{"start":{"line":240,"column":8},"end":{"line":240,"column":77}},"140":{"start":{"line":242,"column":8},"end":{"line":242,"column":51}},"141":{"start":{"line":244,"column":8},"end":{"line":244,"column":35}},"142":{"start":{"line":247,"column":6},"end":{"line":247,"column":33}},"143":{"start":{"line":248,"column":6},"end":{"line":248,"column":18}},"144":{"start":{"line":259,"column":6},"end":{"line":259,"column":32}},"145":{"start":{"line":259,"column":25},"end":{"line":259,"column":32}},"146":{"start":{"line":261,"column":6},"end":{"line":261,"column":43}},"147":{"start":{"line":263,"column":6},"end":{"line":263,"column":33}},"148":{"start":{"line":265,"column":6},"end":{"line":265,"column":13}},"149":{"start":{"line":276,"column":6},"end":{"line":276,"column":28}},"150":{"start":{"line":277,"column":6},"end":{"line":277,"column":33}},"151":{"start":{"line":278,"column":6},"end":{"line":278,"column":140}},"152":{"start":{"line":280,"column":6},"end":{"line":284,"column":7}},"153":{"start":{"line":281,"column":8},"end":{"line":281,"column":53}},"154":{"start":{"line":282,"column":8},"end":{"line":282,"column":37}},"155":{"start":{"line":283,"column":8},"end":{"line":283,"column":20}},"156":{"start":{"line":286,"column":6},"end":{"line":286,"column":18}},"157":{"start":{"line":287,"column":6},"end":{"line":287,"column":27}},"158":{"start":{"line":289,"column":6},"end":{"line":289,"column":18}},"159":{"start":{"line":300,"column":6},"end":{"line":300,"column":70}},"160":{"start":{"line":302,"column":6},"end":{"line":302,"column":37}},"161":{"start":{"line":304,"column":6},"end":{"line":307,"column":7}},"162":{"start":{"line":305,"column":8},"end":{"line":305,"column":46}},"163":{"start":{"line":306,"column":8},"end":{"line":306,"column":40}},"164":{"start":{"line":309,"column":6},"end":{"line":309,"column":30}},"165":{"start":{"line":320,"column":6},"end":{"line":320,"column":22}},"166":{"start":{"line":321,"column":6},"end":{"line":321,"column":25}},"167":{"start":{"line":322,"column":6},"end":{"line":322,"column":64}},"168":{"start":{"line":323,"column":6},"end":{"line":323,"column":47}},"169":{"start":{"line":324,"column":6},"end":{"line":324,"column":96}},"170":{"start":{"line":325,"column":6},"end":{"line":325,"column":22}},"171":{"start":{"line":327,"column":6},"end":{"line":333,"column":7}},"172":{"start":{"line":328,"column":8},"end":{"line":328,"column":52}},"173":{"start":{"line":329,"column":8},"end":{"line":329,"column":19}},"174":{"start":{"line":330,"column":8},"end":{"line":330,"column":25}},"175":{"start":{"line":331,"column":8},"end":{"line":331,"column":35}},"176":{"start":{"line":332,"column":8},"end":{"line":332,"column":35}},"177":{"start":{"line":335,"column":6},"end":{"line":335,"column":70}},"178":{"start":{"line":337,"column":6},"end":{"line":365,"column":7}},"179":{"start":{"line":338,"column":8},"end":{"line":338,"column":22}},"180":{"start":{"line":340,"column":8},"end":{"line":340,"column":42}},"181":{"start":{"line":341,"column":8},"end":{"line":341,"column":77}},"182":{"start":{"line":342,"column":8},"end":{"line":342,"column":40}},"183":{"start":{"line":343,"column":8},"end":{"line":343,"column":43}},"184":{"start":{"line":345,"column":8},"end":{"line":345,"column":66}},"185":{"start":{"line":345,"column":19},"end":{"line":345,"column":66}},"186":{"start":{"line":346,"column":8},"end":{"line":346,"column":49}},"187":{"start":{"line":346,"column":22},"end":{"line":346,"column":49}},"188":{"start":{"line":347,"column":8},"end":{"line":347,"column":81}},"189":{"start":{"line":347,"column":22},"end":{"line":347,"column":81}},"190":{"start":{"line":350,"column":8},"end":{"line":350,"column":50}},"191":{"start":{"line":352,"column":8},"end":{"line":352,"column":23}},"192":{"start":{"line":355,"column":8},"end":{"line":355,"column":49}},"193":{"start":{"line":355,"column":21},"end":{"line":355,"column":49}},"194":{"start":{"line":358,"column":8},"end":{"line":358,"column":89}},"195":{"start":{"line":360,"column":8},"end":{"line":360,"column":38}},"196":{"start":{"line":361,"column":8},"end":{"line":361,"column":59}},"197":{"start":{"line":364,"column":8},"end":{"line":364,"column":29}},"198":{"start":{"line":367,"column":6},"end":{"line":369,"column":7}},"199":{"start":{"line":368,"column":8},"end":{"line":368,"column":35}},"200":{"start":{"line":368,"column":21},"end":{"line":368,"column":35}},"201":{"start":{"line":376,"column":6},"end":{"line":376,"column":24}},"202":{"start":{"line":378,"column":6},"end":{"line":382,"column":7}},"203":{"start":{"line":379,"column":8},"end":{"line":379,"column":42}},"204":{"start":{"line":381,"column":8},"end":{"line":381,"column":29}},"205":{"start":{"line":384,"column":6},"end":{"line":386,"column":8}},"206":{"start":{"line":388,"column":6},"end":{"line":390,"column":9}},"207":{"start":{"line":389,"column":8},"end":{"line":389,"column":73}},"208":{"start":{"line":392,"column":6},"end":{"line":392,"column":43}},"209":{"start":{"line":400,"column":6},"end":{"line":400,"column":21}},"210":{"start":{"line":401,"column":6},"end":{"line":401,"column":32}},"211":{"start":{"line":402,"column":6},"end":{"line":402,"column":49}},"212":{"start":{"line":403,"column":6},"end":{"line":403,"column":27}},"213":{"start":{"line":404,"column":6},"end":{"line":404,"column":42}},"214":{"start":{"line":405,"column":6},"end":{"line":405,"column":34}},"215":{"start":{"line":407,"column":6},"end":{"line":424,"column":9}},"216":{"start":{"line":409,"column":8},"end":{"line":409,"column":45}},"217":{"start":{"line":412,"column":8},"end":{"line":412,"column":27}},"218":{"start":{"line":413,"column":8},"end":{"line":413,"column":68}},"219":{"start":{"line":415,"column":8},"end":{"line":415,"column":36}},"220":{"start":{"line":417,"column":8},"end":{"line":417,"column":15}},"221":{"start":{"line":419,"column":8},"end":{"line":419,"column":24}},"222":{"start":{"line":421,"column":8},"end":{"line":421,"column":33}},"223":{"start":{"line":422,"column":8},"end":{"line":422,"column":27}},"224":{"start":{"line":423,"column":8},"end":{"line":423,"column":27}},"225":{"start":{"line":428,"column":2},"end":{"line":428,"column":16}},"226":{"start":{"line":431,"column":0},"end":{"line":431,"column":28}},"227":{"start":{"line":432,"column":0},"end":{"line":432,"column":36}}},"branchMap":{"1":{"line":7,"type":"binary-expr","locations":[{"start":{"line":7,"column":169},"end":{"line":7,"column":190}},{"start":{"line":7,"column":194},"end":{"line":7,"column":199}}]},"2":{"line":7,"type":"if","locations":[{"start":{"line":7,"column":233},"end":{"line":7,"column":233}},{"start":{"line":7,"column":233},"end":{"line":7,"column":233}}]},"3":{"line":7,"type":"if","locations":[{"start":{"line":7,"column":408},"end":{"line":7,"column":408}},{"start":{"line":7,"column":408},"end":{"line":7,"column":408}}]},"4":{"line":7,"type":"if","locations":[{"start":{"line":7,"column":477},"end":{"line":7,"column":477}},{"start":{"line":7,"column":477},"end":{"line":7,"column":477}}]},"5":{"line":11,"type":"if","locations":[{"start":{"line":11,"column":82},"end":{"line":11,"column":82}},{"start":{"line":11,"column":82},"end":{"line":11,"column":82}}]},"6":{"line":11,"type":"if","locations":[{"start":{"line":11,"column":152},"end":{"line":11,"column":152}},{"start":{"line":11,"column":152},"end":{"line":11,"column":152}}]},"7":{"line":11,"type":"if","locations":[{"start":{"line":11,"column":292},"end":{"line":11,"column":292}},{"start":{"line":11,"column":292},"end":{"line":11,"column":292}}]},"8":{"line":11,"type":"if","locations":[{"start":{"line":11,"column":366},"end":{"line":11,"column":366}},{"start":{"line":11,"column":366},"end":{"line":11,"column":366}}]},"9":{"line":13,"type":"cond-expr","locations":[{"start":{"line":13,"column":70},"end":{"line":13,"column":73}},{"start":{"line":13,"column":76},"end":{"line":13,"column":94}}]},"10":{"line":13,"type":"binary-expr","locations":[{"start":{"line":13,"column":46},"end":{"line":13,"column":49}},{"start":{"line":13,"column":53},"end":{"line":13,"column":67}}]},"11":{"line":15,"type":"if","locations":[{"start":{"line":15,"column":50},"end":{"line":15,"column":50}},{"start":{"line":15,"column":50},"end":{"line":15,"column":50}}]},"12":{"line":17,"type":"if","locations":[{"start":{"line":17,"column":43},"end":{"line":17,"column":43}},{"start":{"line":17,"column":43},"end":{"line":17,"column":43}}]},"13":{"line":17,"type":"binary-expr","locations":[{"start":{"line":17,"column":47},"end":{"line":17,"column":79}},{"start":{"line":17,"column":83},"end":{"line":17,"column":102}}]},"14":{"line":17,"type":"binary-expr","locations":[{"start":{"line":17,"column":244},"end":{"line":17,"column":254}},{"start":{"line":17,"column":258},"end":{"line":17,"column":278}}]},"15":{"line":17,"type":"if","locations":[{"start":{"line":17,"column":374},"end":{"line":17,"column":374}},{"start":{"line":17,"column":374},"end":{"line":17,"column":374}}]},"16":{"line":75,"type":"binary-expr","locations":[{"start":{"line":75,"column":16},"end":{"line":75,"column":38}},{"start":{"line":75,"column":42},"end":{"line":75,"column":64}},{"start":{"line":75,"column":68},"end":{"line":75,"column":72}}]},"17":{"line":96,"type":"binary-expr","locations":[{"start":{"line":96,"column":31},"end":{"line":96,"column":36}},{"start":{"line":96,"column":40},"end":{"line":96,"column":42}}]},"18":{"line":97,"type":"if","locations":[{"start":{"line":97,"column":4},"end":{"line":97,"column":4}},{"start":{"line":97,"column":4},"end":{"line":97,"column":4}}]},"19":{"line":97,"type":"binary-expr","locations":[{"start":{"line":97,"column":8},"end":{"line":97,"column":19}},{"start":{"line":97,"column":23},"end":{"line":97,"column":41}}]},"20":{"line":127,"type":"if","locations":[{"start":{"line":127,"column":6},"end":{"line":127,"column":6}},{"start":{"line":127,"column":6},"end":{"line":127,"column":6}}]},"21":{"line":138,"type":"if","locations":[{"start":{"line":138,"column":6},"end":{"line":138,"column":6}},{"start":{"line":138,"column":6},"end":{"line":138,"column":6}}]},"22":{"line":152,"type":"cond-expr","locations":[{"start":{"line":152,"column":47},"end":{"line":152,"column":48}},{"start":{"line":152,"column":51},"end":{"line":152,"column":63}}]},"23":{"line":154,"type":"if","locations":[{"start":{"line":154,"column":6},"end":{"line":154,"column":6}},{"start":{"line":154,"column":6},"end":{"line":154,"column":6}}]},"24":{"line":155,"type":"if","locations":[{"start":{"line":155,"column":6},"end":{"line":155,"column":6}},{"start":{"line":155,"column":6},"end":{"line":155,"column":6}}]},"25":{"line":156,"type":"if","locations":[{"start":{"line":156,"column":6},"end":{"line":156,"column":6}},{"start":{"line":156,"column":6},"end":{"line":156,"column":6}}]},"26":{"line":163,"type":"if","locations":[{"start":{"line":163,"column":8},"end":{"line":163,"column":8}},{"start":{"line":163,"column":8},"end":{"line":163,"column":8}}]},"27":{"line":166,"type":"if","locations":[{"start":{"line":166,"column":10},"end":{"line":166,"column":10}},{"start":{"line":166,"column":10},"end":{"line":166,"column":10}}]},"28":{"line":206,"type":"if","locations":[{"start":{"line":206,"column":6},"end":{"line":206,"column":6}},{"start":{"line":206,"column":6},"end":{"line":206,"column":6}}]},"29":{"line":219,"type":"binary-expr","locations":[{"start":{"line":219,"column":22},"end":{"line":219,"column":46}},{"start":{"line":219,"column":50},"end":{"line":219,"column":75}}]},"30":{"line":222,"type":"if","locations":[{"start":{"line":222,"column":6},"end":{"line":222,"column":6}},{"start":{"line":222,"column":6},"end":{"line":222,"column":6}}]},"31":{"line":226,"type":"if","locations":[{"start":{"line":226,"column":6},"end":{"line":226,"column":6}},{"start":{"line":226,"column":6},"end":{"line":226,"column":6}}]},"32":{"line":238,"type":"if","locations":[{"start":{"line":238,"column":6},"end":{"line":238,"column":6}},{"start":{"line":238,"column":6},"end":{"line":238,"column":6}}]},"33":{"line":259,"type":"if","locations":[{"start":{"line":259,"column":6},"end":{"line":259,"column":6}},{"start":{"line":259,"column":6},"end":{"line":259,"column":6}}]},"34":{"line":278,"type":"cond-expr","locations":[{"start":{"line":278,"column":45},"end":{"line":278,"column":121}},{"start":{"line":278,"column":124},"end":{"line":278,"column":139}}]},"35":{"line":280,"type":"if","locations":[{"start":{"line":280,"column":6},"end":{"line":280,"column":6}},{"start":{"line":280,"column":6},"end":{"line":280,"column":6}}]},"36":{"line":300,"type":"cond-expr","locations":[{"start":{"line":300,"column":60},"end":{"line":300,"column":64}},{"start":{"line":300,"column":67},"end":{"line":300,"column":69}}]},"37":{"line":304,"type":"if","locations":[{"start":{"line":304,"column":6},"end":{"line":304,"column":6}},{"start":{"line":304,"column":6},"end":{"line":304,"column":6}}]},"38":{"line":324,"type":"cond-expr","locations":[{"start":{"line":324,"column":49},"end":{"line":324,"column":71}},{"start":{"line":324,"column":74},"end":{"line":324,"column":95}}]},"39":{"line":327,"type":"if","locations":[{"start":{"line":327,"column":6},"end":{"line":327,"column":6}},{"start":{"line":327,"column":6},"end":{"line":327,"column":6}}]},"40":{"line":327,"type":"binary-expr","locations":[{"start":{"line":327,"column":10},"end":{"line":327,"column":20}},{"start":{"line":327,"column":24},"end":{"line":327,"column":49}}]},"41":{"line":345,"type":"if","locations":[{"start":{"line":345,"column":8},"end":{"line":345,"column":8}},{"start":{"line":345,"column":8},"end":{"line":345,"column":8}}]},"42":{"line":346,"type":"if","locations":[{"start":{"line":346,"column":8},"end":{"line":346,"column":8}},{"start":{"line":346,"column":8},"end":{"line":346,"column":8}}]},"43":{"line":347,"type":"if","locations":[{"start":{"line":347,"column":8},"end":{"line":347,"column":8}},{"start":{"line":347,"column":8},"end":{"line":347,"column":8}}]},"44":{"line":355,"type":"if","locations":[{"start":{"line":355,"column":8},"end":{"line":355,"column":8}},{"start":{"line":355,"column":8},"end":{"line":355,"column":8}}]},"45":{"line":368,"type":"if","locations":[{"start":{"line":368,"column":8},"end":{"line":368,"column":8}},{"start":{"line":368,"column":8},"end":{"line":368,"column":8}}]}},"code":["'use strict';","","Object.defineProperty(exports, '__esModule', {","  value: true","});","","var _createClass = (function () { function defineProperties(target, props) { for (var i = 0; i < props.length; i++) { var descriptor = props[i]; descriptor.enumerable = descriptor.enumerable || false; descriptor.configurable = true; if ('value' in descriptor) descriptor.writable = true; Object.defineProperty(target, descriptor.key, descriptor); } } return function (Constructor, protoProps, staticProps) { if (protoProps) defineProperties(Constructor.prototype, protoProps); if (staticProps) defineProperties(Constructor, staticProps); return Constructor; }; })();","","var _get = function get(_x2, _x3, _x4) { var _again = true; _function: while (_again) { desc = parent = getter = undefined; _again = false; var object = _x2,","    property = _x3,","    receiver = _x4; var desc = Object.getOwnPropertyDescriptor(object, property); if (desc === undefined) { var parent = Object.getPrototypeOf(object); if (parent === null) { return undefined; } else { _x2 = parent; _x3 = property; _x4 = receiver; _again = true; continue _function; } } else if ('value' in desc) { return desc.value; } else { var getter = desc.get; if (getter === undefined) { return undefined; } return getter.call(receiver); } } };","","function _interopRequireDefault(obj) { return obj && obj.__esModule ? obj : { 'default': obj }; }","","function _classCallCheck(instance, Constructor) { if (!(instance instanceof Constructor)) { throw new TypeError('Cannot call a class as a function'); } }","","function _inherits(subClass, superClass) { if (typeof superClass !== 'function' && superClass !== null) { throw new TypeError('Super expression must either be null or a function, not ' + typeof superClass); } subClass.prototype = Object.create(superClass && superClass.prototype, { constructor: { value: subClass, enumerable: false, writable: true, configurable: true } }); if (superClass) subClass.__proto__ = superClass; }","","/**","*","* Command line interface mp3 player based on Node.js","* @Author:   [turingou](http://guoyu.me)","* @Created:  [2013/07/20]","*","**/","","var _fs = require('fs');","","var _fs2 = _interopRequireDefault(_fs);","","var _path = require('path');","","var _path2 = _interopRequireDefault(_path);","","var _util = require('util');","","var _util2 = _interopRequireDefault(_util);","","var _followRedirects = require('follow-redirects');","","var _home = require('home');","","var _home2 = _interopRequireDefault(_home);","","var _lame = require('lame');","","var _lame2 = _interopRequireDefault(_lame);","","var _underscore = require('underscore');","","var _underscore2 = _interopRequireDefault(_underscore);","","var _speaker = require('speaker');","","var _speaker2 = _interopRequireDefault(_speaker);","","var _pool_stream = require('pool_stream');","","var _pool_stream2 = _interopRequireDefault(_pool_stream);","","var _pcmVolume = require('pcm-volume');","","var _pcmVolume2 = _interopRequireDefault(_pcmVolume);","","var _events = require('events');","","var _utils = require('./utils');","","var defaults = {","  'src': 'src',","  'cache': false,","  'stream': false,","  'shuffle': false,","  'downloads': _home2['default'](),","  'http_proxy': process.env.HTTP_PROXY || process.env.http_proxy || null };","","/**"," * [Class Player]"," * @param {Array|String} songs  [A list of songs or a single song URI string.]"," * @param {Object}       params [Optional options when init a instance]"," */","","var Player = (function (_EventEmitter) {","  function Player(songs, params) {","    _classCallCheck(this, Player);","","    //    if (!songs)","    //      return","","    // Inherits eventEmitter","    _get(Object.getPrototypeOf(Player.prototype), 'constructor', this).call(this);","","    this.history = [];","    this.paused = false;","    this.options = _underscore2['default'].extend(defaults, params);","    this._list = _utils.format(songs || [], this.options.src);","    if (!this._list || !this._list.length) this._list = [];","  }","","  _inherits(Player, _EventEmitter);","","  _createClass(Player, [{","    key: 'enable',","","    // Enable or disable a option","    value: function enable(k) {","      this.options[k] = true;","      return this;","    }","  }, {","    key: 'disable',","    value: function disable(k) {","      this.options[k] = false;","      return this;","    }","  }, {","    key: 'list',","","    /**","     * [Lists songs in the playlist,","     * Displays the src for each song returned in array,","     * Access with prop `player.list`]","     */","    get: function () {","      var _this2 = this;","","      if (!this._list) return;","","      return this._list.map(function (el) {","        return el[_this2.options.src];","      });","    }","  }, {","    key: 'playing',","","    // Get the lastest playing song","    get: function () {","      if (!this.history.length) return null;","","      return this._list[this.history[this.history.length - 1]];","    }","  }, {","    key: 'play',","","    /**","     * [Play a MP3 encoded audio file]","     * @param  {Number} index [the selected index of first played song]","     */","    value: function play() {","      var _this3 = this;","","      var index = arguments[0] === undefined ? 0 : arguments[0];","","      if (this._list.length <= 0) return;","      if (!_underscore2['default'].isNumber(index)) index = 0;","      if (index >= this._list.length) index = this._list.length - 1;","","      var self = this;","      var song = this._list[index];","","      this.paused = false;","      this.read(song[this.options.src], function (err, pool) {","        if (err) return _this3.emit('error', err);","","        _this3.meta(pool, function (err, data) {","          if (!err) song.meta = data;","        });","","        _this3.lameStream = new _lame2['default'].Decoder();","","        pool.pipe(_this3.lameStream).once('format', onPlaying).once('finish', function () {","          return _this3.next();","        });","","        function onPlaying(f) {","          self.lameFormat = f;","          var speaker = new _pcmVolume2['default']();","          speaker.pipe(new _speaker2['default'](self.lameFormat));","","          self.speaker = {","            'readableStream': this,","            'Speaker': speaker };","","          self.emit('playing', song);","          self.history.push(index);","","          // This is where the song acturaly played end,","          // can't trigger playend event here cause","          // unpipe will fire this speaker's close event.","          this.pipe(speaker).once('close', function () {","            return self.emit('playend', song);","          });","        }","      });","","      return this;","    }","  }, {","    key: 'setVolume',","","    /**","     * [Set playback volume]","     * @param  {Number}   volume   [Volume level percentage 0.0-1.0]","     */","    value: function setVolume(volume) {","      if (!this.speaker) return;","","      this.speaker.Speaker.setVolume(volume);","    }","  }, {","    key: 'read',","","    /**","     * [Read MP3 src and check if we're going to download it.]","     * @param  {String}   src      [MP3 file src, would be local path or URI (http/https)]","     * @param  {Function} callback [callback with err and file stream]","     */","    value: function read(src, callback) {","      var isLocal = !(src.indexOf('http') == 0 || src.indexOf('https') == 0);","","      // Read local file stream if not a valid URI","      if (isLocal) return callback(null, _fs2['default'].createReadStream(src));","","      var file = _path2['default'].join(this.options.downloads, _utils.fetchName(src));","","      if (_fs2['default'].existsSync(file)) return callback(null, _fs2['default'].createReadStream(file));","","      this.download(src, callback);","    }","  }, {","    key: 'pause',","","    /**","     * [Pause or resume audio]","     * @return {player} this","     */","    value: function pause() {","      if (this.paused) {","        this.speaker.Speaker = new _pcmVolume2['default']();","        this.speaker.Speaker.pipe(new _speaker2['default'](this.lameFormat));","","        this.lameStream.pipe(this.speaker.Speaker);","      } else {","        this.speaker.Speaker.end();","      }","","      this.paused = !this.paused;","      return this;","    }","  }, {","    key: 'stop',","","    /**","     * [Stop playing and unpipe stream.","     * No params for now.]","     * @return {Bool} [always `false`]","     */","    value: function stop() {","      if (!this.speaker) return;","","      this.speaker.readableStream.unpipe();","","      this.speaker.Speaker.end();","","      return;","    }","  }, {","    key: 'next',","","    /**","     * [Stop playing and switch to next song,","     * if there is no next song, trigger a `No next song` error event]","     * @return {player} this","     */","    value: function next() {","      var list = this._list;","      var current = this.playing;","      var nextIndex = this.options.shuffle ? _utils.chooseRandom(_underscore2['default'].difference(list, [current._id])) : current._id + 1;","","      if (nextIndex >= list.length) {","        this.emit('error', 'No next song was found');","        this.emit('finish', current);","        return this;","      }","","      this.stop();","      this.play(nextIndex);","","      return this;","    }","  }, {","    key: 'add',","","    /**","     * [Add a new song to the playlist,","     * If provided `song` is a String, it will be converted to a `Song` Object.]","     * @param {String|Object} song [src URI of new song or the object of new song.]","     */","    value: function add(song) {","      var latest = _underscore2['default'].isObject(song) ? song : {};","","      latest._id = this._list.length;","","      if (_underscore2['default'].isString(song)) {","        latest._name = _utils.splitName(song);","        latest[this.options.src] = song;","      }","","      this._list.push(latest);","    }","  }, {","    key: 'download',","","    /**","     * [Download a mp3 file from its URI]","     * @param  {String}   src      [the src URI of mp3 file]","     * @param  {Function} callback [callback with err and file stream]","     */","    value: function download(src, callback) {","      var self = this;","      var called = false;","      var proxyReg = /http:\\/\\/((?:\\d{1,3}\\.){3}\\d{1,3}):(\\d+)/;","      var http_proxy = self.options.http_proxy;","      var request = src.indexOf('https') === 0 ? _followRedirects.https : _followRedirects.http;","      var query = src;","","      if (http_proxy && proxyReg.test(http_proxy)) {","        var proxyGroup = http_proxy.match(proxyReg);","        query = {};","        query.path = src;","        query.host = proxyGroup[1];","        query.port = proxyGroup[2];","      }","","      request.get(query, responseHandler).once('error', errorHandler);","","      function responseHandler(res) {","        called = true;","","        var isOk = res.statusCode === 200;","        var isAudio = res.headers['content-type'].indexOf('audio/mpeg') > -1;","        var isSave = self.options.cache;","        var isStream = self.options.stream;","","        if (!isOk) return callback(new Error('Resource invalid'));","        if (isStream) return callback(null, res);","        if (!isAudio) return callback(new Error('Resource type is unsupported'));","","        // Create a pool","        var pool = new _pool_stream2['default']();","        // Pipe into memory","        res.pipe(pool);","","        // Check if we're going to save this stream","        if (!isSave) return callback(null, pool);","","        // Save this stream as file in download directory","        var file = _path2['default'].join(self.options.downloads, _utils.fetchName(src));","","        self.emit('downloading', src);","        pool.pipe(_fs2['default'].createWriteStream(file));","","        // Callback the pool","        callback(null, pool);","      }","","      function errorHandler(err) {","        if (!called) callback(err);","      }","    }","  }, {","    key: 'meta',","","    // Fetch metadata from local or remote mp3 stream","    value: function meta(stream, callback) {","      var _this4 = this;","","      try {","        var mm = require('musicmetadata');","      } catch (err) {","        return callback(err);","      }","","      var options = {","        'duration': true","      };","","      stream.on('error', function (err) {","        return _this4.emit('error', '出错了 ' + err.code + ': ' + err.path);","      });","","      return mm(stream, options, callback);","    }","  }, {","    key: 'progress',","","    // Format metadata with template","    // And output to `stdout`","    value: function progress(metadata) {","      var total = 70;","      var info = metadata.title;","      var duration = parseInt(metadata.duration);","      var dots = total - 1;","      var speed = duration * 1000 / total;","      var stdout = process.stdout;","","      require('async').doWhilst(function (callback) {","        // Clear console","        stdout.write('\\u001b[2J\\u001b[0;0f');","","        // Move cursor to beginning of line","        stdout.cursorTo(0);","        stdout.write(_utils.getProgress(total - dots, total, info));","","        setTimeout(callback, speed);","","        dots--;","      }, function () {","        return dots > 0;","      }, function (done) {","        stdout.moveCursor(0, -1);","        stdout.clearLine();","        stdout.cursorTo(0);","      });","    }","  }]);","","  return Player;","})(_events.EventEmitter);","","exports['default'] = Player;","module.exports = exports['default'];","//# sourceMappingURL=player.js.map"],"l":{"3":2,"7":2,"9":2,"11":0,"13":12,"15":1,"17":1,"27":2,"29":2,"31":2,"33":2,"35":2,"37":2,"39":2,"41":2,"43":2,"45":2,"47":2,"49":2,"51":2,"53":2,"55":0,"57":0,"59":0,"61":0,"63":0,"65":0,"67":0,"69":0,"83":0,"84":1,"85":0,"91":0,"93":0,"94":0,"95":0,"96":0,"97":0,"100":0,"102":0,"107":0,"108":0,"113":0,"114":0,"125":0,"127":0,"129":0,"130":0,"138":0,"140":0,"150":0,"152":0,"154":0,"155":0,"156":0,"158":0,"159":0,"161":0,"162":0,"163":0,"165":0,"166":0,"169":0,"171":0,"172":0,"175":1,"176":0,"177":0,"178":0,"180":0,"184":0,"185":0,"190":0,"191":0,"196":0,"206":0,"208":0,"219":0,"222":0,"224":0,"226":0,"228":0,"238":0,"239":0,"240":0,"242":0,"244":0,"247":0,"248":0,"259":0,"261":0,"263":0,"265":0,"276":0,"277":0,"278":0,"280":0,"281":0,"282":0,"283":0,"286":0,"287":0,"289":0,"300":0,"302":0,"304":0,"305":0,"306":0,"309":0,"320":0,"321":0,"322":0,"323":0,"324":0,"325":0,"327":0,"328":0,"329":0,"330":0,"331":0,"332":0,"335":0,"337":1,"338":0,"340":0,"341":0,"342":0,"343":0,"345":0,"346":0,"347":0,"350":0,"352":0,"355":0,"358":0,"360":0,"361":0,"364":0,"367":1,"368":0,"376":0,"378":0,"379":0,"381":0,"384":0,"388":0,"389":0,"392":0,"400":0,"401":0,"402":0,"403":0,"404":0,"405":0,"407":0,"409":0,"412":0,"413":0,"415":0,"417":0,"419":0,"421":0,"422":0,"423":0,"428":0,"431":0,"432":0}}}